{"BlockIO":"0B / 1.72MB","CPUPerc":"0.21%","Container":"classifier_deploy-api-1","ID":"04ab9a5d583a","MemPerc":"7.67%","MemUsage":"275.3MiB / 3.503GiB","Name":"classifier_deploy-api-1","NetIO":"2.38kB / 759B","PIDs":"30"}
{"BlockIO":"0B / 1.72MB","CPUPerc":"132.39%","Container":"classifier_deploy-api-1","ID":"04ab9a5d583a","MemPerc":"7.93%","MemUsage":"284.5MiB / 3.503GiB","Name":"classifier_deploy-api-1","NetIO":"113kB / 206kB","PIDs":"115"}
{"BlockIO":"0B / 1.72MB","CPUPerc":"133.15%","Container":"classifier_deploy-api-1","ID":"04ab9a5d583a","MemPerc":"7.94%","MemUsage":"284.7MiB / 3.503GiB","Name":"classifier_deploy-api-1","NetIO":"249kB / 496kB","PIDs":"113"}
{"BlockIO":"0B / 1.72MB","CPUPerc":"130.65%","Container":"classifier_deploy-api-1","ID":"04ab9a5d583a","MemPerc":"7.96%","MemUsage":"285.5MiB / 3.503GiB","Name":"classifier_deploy-api-1","NetIO":"401kB / 809kB","PIDs":"114"}
{"BlockIO":"0B / 1.72MB","CPUPerc":"132.06%","Container":"classifier_deploy-api-1","ID":"04ab9a5d583a","MemPerc":"7.98%","MemUsage":"286.4MiB / 3.503GiB","Name":"classifier_deploy-api-1","NetIO":"522kB / 1.05MB","PIDs":"114"}
{"BlockIO":"0B / 1.72MB","CPUPerc":"130.61%","Container":"classifier_deploy-api-1","ID":"04ab9a5d583a","MemPerc":"7.99%","MemUsage":"286.6MiB / 3.503GiB","Name":"classifier_deploy-api-1","NetIO":"639kB / 1.3MB","PIDs":"114"}
{"BlockIO":"0B / 1.72MB","CPUPerc":"128.49%","Container":"classifier_deploy-api-1","ID":"04ab9a5d583a","MemPerc":"7.98%","MemUsage":"286.2MiB / 3.503GiB","Name":"classifier_deploy-api-1","NetIO":"778kB / 1.57MB","PIDs":"119"}
{"BlockIO":"0B / 1.72MB","CPUPerc":"133.19%","Container":"classifier_deploy-api-1","ID":"04ab9a5d583a","MemPerc":"8.03%","MemUsage":"288MiB / 3.503GiB","Name":"classifier_deploy-api-1","NetIO":"876kB / 1.78MB","PIDs":"119"}
{"BlockIO":"0B / 1.72MB","CPUPerc":"132.68%","Container":"classifier_deploy-api-1","ID":"04ab9a5d583a","MemPerc":"8.03%","MemUsage":"288.1MiB / 3.503GiB","Name":"classifier_deploy-api-1","NetIO":"987kB / 2.01MB","PIDs":"119"}
{"BlockIO":"0B / 1.72MB","CPUPerc":"134.14%","Container":"classifier_deploy-api-1","ID":"04ab9a5d583a","MemPerc":"8.00%","MemUsage":"287.1MiB / 3.503GiB","Name":"classifier_deploy-api-1","NetIO":"1.11MB / 2.27MB","PIDs":"119"}
{"BlockIO":"0B / 1.72MB","CPUPerc":"131.03%","Container":"classifier_deploy-api-1","ID":"04ab9a5d583a","MemPerc":"8.02%","MemUsage":"287.8MiB / 3.503GiB","Name":"classifier_deploy-api-1","NetIO":"1.22MB / 2.5MB","PIDs":"119"}
{"BlockIO":"0B / 1.72MB","CPUPerc":"131.26%","Container":"classifier_deploy-api-1","ID":"04ab9a5d583a","MemPerc":"8.02%","MemUsage":"287.9MiB / 3.503GiB","Name":"classifier_deploy-api-1","NetIO":"1.31MB / 2.69MB","PIDs":"119"}
{"BlockIO":"0B / 1.72MB","CPUPerc":"131.44%","Container":"classifier_deploy-api-1","ID":"04ab9a5d583a","MemPerc":"8.01%","MemUsage":"287.4MiB / 3.503GiB","Name":"classifier_deploy-api-1","NetIO":"1.44MB / 2.95MB","PIDs":"119"}
{"BlockIO":"0B / 1.72MB","CPUPerc":"132.38%","Container":"classifier_deploy-api-1","ID":"04ab9a5d583a","MemPerc":"8.01%","MemUsage":"287.4MiB / 3.503GiB","Name":"classifier_deploy-api-1","NetIO":"1.51MB / 3.11MB","PIDs":"119"}
{"BlockIO":"0B / 1.72MB","CPUPerc":"127.50%","Container":"classifier_deploy-api-1","ID":"04ab9a5d583a","MemPerc":"8.00%","MemUsage":"287MiB / 3.503GiB","Name":"classifier_deploy-api-1","NetIO":"1.62MB / 3.33MB","PIDs":"119"}
{"BlockIO":"0B / 1.72MB","CPUPerc":"132.71%","Container":"classifier_deploy-api-1","ID":"04ab9a5d583a","MemPerc":"8.03%","MemUsage":"288.2MiB / 3.503GiB","Name":"classifier_deploy-api-1","NetIO":"1.74MB / 3.59MB","PIDs":"119"}
{"BlockIO":"0B / 1.72MB","CPUPerc":"132.04%","Container":"classifier_deploy-api-1","ID":"04ab9a5d583a","MemPerc":"8.02%","MemUsage":"287.8MiB / 3.503GiB","Name":"classifier_deploy-api-1","NetIO":"1.85MB / 3.8MB","PIDs":"119"}
{"BlockIO":"0B / 1.72MB","CPUPerc":"131.39%","Container":"classifier_deploy-api-1","ID":"04ab9a5d583a","MemPerc":"8.04%","MemUsage":"288.6MiB / 3.503GiB","Name":"classifier_deploy-api-1","NetIO":"1.95MB / 4.02MB","PIDs":"119"}
{"BlockIO":"0B / 1.72MB","CPUPerc":"131.66%","Container":"classifier_deploy-api-1","ID":"04ab9a5d583a","MemPerc":"8.00%","MemUsage":"286.8MiB / 3.503GiB","Name":"classifier_deploy-api-1","NetIO":"2.07MB / 4.27MB","PIDs":"119"}
{"BlockIO":"0B / 1.72MB","CPUPerc":"134.10%","Container":"classifier_deploy-api-1","ID":"04ab9a5d583a","MemPerc":"8.02%","MemUsage":"287.6MiB / 3.503GiB","Name":"classifier_deploy-api-1","NetIO":"2.16MB / 4.48MB","PIDs":"119"}
{"BlockIO":"0B / 1.72MB","CPUPerc":"132.60%","Container":"classifier_deploy-api-1","ID":"04ab9a5d583a","MemPerc":"8.02%","MemUsage":"287.7MiB / 3.503GiB","Name":"classifier_deploy-api-1","NetIO":"2.27MB / 4.7MB","PIDs":"119"}
{"BlockIO":"0B / 1.72MB","CPUPerc":"133.48%","Container":"classifier_deploy-api-1","ID":"04ab9a5d583a","MemPerc":"8.03%","MemUsage":"288.1MiB / 3.503GiB","Name":"classifier_deploy-api-1","NetIO":"2.39MB / 4.94MB","PIDs":"119"}
{"BlockIO":"0B / 1.72MB","CPUPerc":"131.37%","Container":"classifier_deploy-api-1","ID":"04ab9a5d583a","MemPerc":"8.02%","MemUsage":"287.8MiB / 3.503GiB","Name":"classifier_deploy-api-1","NetIO":"2.49MB / 5.15MB","PIDs":"119"}
{"BlockIO":"0B / 1.72MB","CPUPerc":"131.77%","Container":"classifier_deploy-api-1","ID":"04ab9a5d583a","MemPerc":"8.04%","MemUsage":"288.5MiB / 3.503GiB","Name":"classifier_deploy-api-1","NetIO":"2.59MB / 5.37MB","PIDs":"119"}
{"BlockIO":"0B / 1.72MB","CPUPerc":"131.49%","Container":"classifier_deploy-api-1","ID":"04ab9a5d583a","MemPerc":"8.04%","MemUsage":"288.2MiB / 3.503GiB","Name":"classifier_deploy-api-1","NetIO":"2.72MB / 5.63MB","PIDs":"119"}
{"BlockIO":"0B / 1.72MB","CPUPerc":"130.98%","Container":"classifier_deploy-api-1","ID":"04ab9a5d583a","MemPerc":"8.04%","MemUsage":"288.5MiB / 3.503GiB","Name":"classifier_deploy-api-1","NetIO":"2.81MB / 5.81MB","PIDs":"119"}
{"BlockIO":"0B / 1.72MB","CPUPerc":"128.10%","Container":"classifier_deploy-api-1","ID":"04ab9a5d583a","MemPerc":"8.03%","MemUsage":"288.1MiB / 3.503GiB","Name":"classifier_deploy-api-1","NetIO":"2.9MB / 6MB","PIDs":"119"}
{"BlockIO":"0B / 1.72MB","CPUPerc":"130.71%","Container":"classifier_deploy-api-1","ID":"04ab9a5d583a","MemPerc":"8.04%","MemUsage":"288.5MiB / 3.503GiB","Name":"classifier_deploy-api-1","NetIO":"3.02MB / 6.24MB","PIDs":"119"}
{"BlockIO":"0B / 1.72MB","CPUPerc":"132.60%","Container":"classifier_deploy-api-1","ID":"04ab9a5d583a","MemPerc":"8.03%","MemUsage":"287.9MiB / 3.503GiB","Name":"classifier_deploy-api-1","NetIO":"3.12MB / 6.45MB","PIDs":"119"}
{"BlockIO":"0B / 1.72MB","CPUPerc":"132.26%","Container":"classifier_deploy-api-1","ID":"04ab9a5d583a","MemPerc":"8.03%","MemUsage":"288.1MiB / 3.503GiB","Name":"classifier_deploy-api-1","NetIO":"3.21MB / 6.65MB","PIDs":"119"}
{"BlockIO":"0B / 1.72MB","CPUPerc":"132.64%","Container":"classifier_deploy-api-1","ID":"04ab9a5d583a","MemPerc":"8.04%","MemUsage":"288.4MiB / 3.503GiB","Name":"classifier_deploy-api-1","NetIO":"3.33MB / 6.9MB","PIDs":"119"}
{"BlockIO":"0B / 1.72MB","CPUPerc":"130.15%","Container":"classifier_deploy-api-1","ID":"04ab9a5d583a","MemPerc":"8.03%","MemUsage":"288.2MiB / 3.503GiB","Name":"classifier_deploy-api-1","NetIO":"3.43MB / 7.11MB","PIDs":"119"}
{"BlockIO":"0B / 1.72MB","CPUPerc":"133.71%","Container":"classifier_deploy-api-1","ID":"04ab9a5d583a","MemPerc":"8.03%","MemUsage":"287.9MiB / 3.503GiB","Name":"classifier_deploy-api-1","NetIO":"3.53MB / 7.33MB","PIDs":"119"}
{"BlockIO":"0B / 1.72MB","CPUPerc":"132.11%","Container":"classifier_deploy-api-1","ID":"04ab9a5d583a","MemPerc":"8.03%","MemUsage":"288.2MiB / 3.503GiB","Name":"classifier_deploy-api-1","NetIO":"3.66MB / 7.58MB","PIDs":"119"}
{"BlockIO":"0B / 1.72MB","CPUPerc":"131.62%","Container":"classifier_deploy-api-1","ID":"04ab9a5d583a","MemPerc":"8.04%","MemUsage":"288.4MiB / 3.503GiB","Name":"classifier_deploy-api-1","NetIO":"3.76MB / 7.8MB","PIDs":"119"}
{"BlockIO":"0B / 1.72MB","CPUPerc":"130.14%","Container":"classifier_deploy-api-1","ID":"04ab9a5d583a","MemPerc":"8.04%","MemUsage":"288.4MiB / 3.503GiB","Name":"classifier_deploy-api-1","NetIO":"3.86MB / 8.02MB","PIDs":"119"}
{"BlockIO":"0B / 1.72MB","CPUPerc":"48.51%","Container":"classifier_deploy-api-1","ID":"04ab9a5d583a","MemPerc":"8.02%","MemUsage":"287.6MiB / 3.503GiB","Name":"classifier_deploy-api-1","NetIO":"3.96MB / 8.22MB","PIDs":"119"}
{"BlockIO":"0B / 1.72MB","CPUPerc":"0.22%","Container":"classifier_deploy-api-1","ID":"04ab9a5d583a","MemPerc":"8.00%","MemUsage":"287MiB / 3.503GiB","Name":"classifier_deploy-api-1","NetIO":"3.96MB / 8.22MB","PIDs":"119"}
{"BlockIO":"0B / 1.72MB","CPUPerc":"0.26%","Container":"classifier_deploy-api-1","ID":"04ab9a5d583a","MemPerc":"8.00%","MemUsage":"287MiB / 3.503GiB","Name":"classifier_deploy-api-1","NetIO":"3.96MB / 8.22MB","PIDs":"119"}
{"BlockIO":"0B / 1.72MB","CPUPerc":"0.24%","Container":"classifier_deploy-api-1","ID":"04ab9a5d583a","MemPerc":"8.00%","MemUsage":"287MiB / 3.503GiB","Name":"classifier_deploy-api-1","NetIO":"3.96MB / 8.22MB","PIDs":"119"}
{"BlockIO":"0B / 1.72MB","CPUPerc":"0.25%","Container":"classifier_deploy-api-1","ID":"04ab9a5d583a","MemPerc":"8.00%","MemUsage":"287MiB / 3.503GiB","Name":"classifier_deploy-api-1","NetIO":"3.96MB / 8.22MB","PIDs":"119"}
{"BlockIO":"0B / 1.72MB","CPUPerc":"0.22%","Container":"classifier_deploy-api-1","ID":"04ab9a5d583a","MemPerc":"8.00%","MemUsage":"287MiB / 3.503GiB","Name":"classifier_deploy-api-1","NetIO":"3.96MB / 8.22MB","PIDs":"119"}
{"BlockIO":"0B / 1.72MB","CPUPerc":"0.23%","Container":"classifier_deploy-api-1","ID":"04ab9a5d583a","MemPerc":"8.00%","MemUsage":"287MiB / 3.503GiB","Name":"classifier_deploy-api-1","NetIO":"3.96MB / 8.22MB","PIDs":"119"}
{"BlockIO":"0B / 1.72MB","CPUPerc":"0.23%","Container":"classifier_deploy-api-1","ID":"04ab9a5d583a","MemPerc":"8.00%","MemUsage":"287MiB / 3.503GiB","Name":"classifier_deploy-api-1","NetIO":"3.96MB / 8.22MB","PIDs":"119"}
{"BlockIO":"0B / 1.72MB","CPUPerc":"0.25%","Container":"classifier_deploy-api-1","ID":"04ab9a5d583a","MemPerc":"8.00%","MemUsage":"287MiB / 3.503GiB","Name":"classifier_deploy-api-1","NetIO":"3.96MB / 8.22MB","PIDs":"119"}
{"BlockIO":"0B / 1.72MB","CPUPerc":"0.21%","Container":"classifier_deploy-api-1","ID":"04ab9a5d583a","MemPerc":"8.00%","MemUsage":"287MiB / 3.503GiB","Name":"classifier_deploy-api-1","NetIO":"3.96MB / 8.22MB","PIDs":"119"}
{"BlockIO":"0B / 1.72MB","CPUPerc":"0.22%","Container":"classifier_deploy-api-1","ID":"04ab9a5d583a","MemPerc":"8.00%","MemUsage":"287MiB / 3.503GiB","Name":"classifier_deploy-api-1","NetIO":"3.96MB / 8.22MB","PIDs":"119"}
{"BlockIO":"0B / 1.72MB","CPUPerc":"0.19%","Container":"classifier_deploy-api-1","ID":"04ab9a5d583a","MemPerc":"8.00%","MemUsage":"287MiB / 3.503GiB","Name":"classifier_deploy-api-1","NetIO":"3.96MB / 8.22MB","PIDs":"119"}
{"BlockIO":"0B / 1.72MB","CPUPerc":"0.22%","Container":"classifier_deploy-api-1","ID":"04ab9a5d583a","MemPerc":"8.00%","MemUsage":"287MiB / 3.503GiB","Name":"classifier_deploy-api-1","NetIO":"3.96MB / 8.22MB","PIDs":"119"}
{"BlockIO":"0B / 1.72MB","CPUPerc":"0.26%","Container":"classifier_deploy-api-1","ID":"04ab9a5d583a","MemPerc":"8.00%","MemUsage":"287MiB / 3.503GiB","Name":"classifier_deploy-api-1","NetIO":"3.96MB / 8.22MB","PIDs":"119"}
{"BlockIO":"0B / 1.72MB","CPUPerc":"0.23%","Container":"classifier_deploy-api-1","ID":"04ab9a5d583a","MemPerc":"8.00%","MemUsage":"287MiB / 3.503GiB","Name":"classifier_deploy-api-1","NetIO":"3.96MB / 8.22MB","PIDs":"119"}
{"BlockIO":"0B / 1.72MB","CPUPerc":"0.21%","Container":"classifier_deploy-api-1","ID":"04ab9a5d583a","MemPerc":"8.00%","MemUsage":"287MiB / 3.503GiB","Name":"classifier_deploy-api-1","NetIO":"3.96MB / 8.22MB","PIDs":"119"}
{"BlockIO":"0B / 1.72MB","CPUPerc":"0.24%","Container":"classifier_deploy-api-1","ID":"04ab9a5d583a","MemPerc":"8.00%","MemUsage":"287MiB / 3.503GiB","Name":"classifier_deploy-api-1","NetIO":"3.96MB / 8.22MB","PIDs":"119"}
{"BlockIO":"0B / 1.72MB","CPUPerc":"0.23%","Container":"classifier_deploy-api-1","ID":"04ab9a5d583a","MemPerc":"8.00%","MemUsage":"287MiB / 3.503GiB","Name":"classifier_deploy-api-1","NetIO":"3.96MB / 8.22MB","PIDs":"119"}
{"BlockIO":"0B / 1.72MB","CPUPerc":"0.21%","Container":"classifier_deploy-api-1","ID":"04ab9a5d583a","MemPerc":"8.00%","MemUsage":"287MiB / 3.503GiB","Name":"classifier_deploy-api-1","NetIO":"3.96MB / 8.22MB","PIDs":"119"}
{"BlockIO":"0B / 1.72MB","CPUPerc":"0.20%","Container":"classifier_deploy-api-1","ID":"04ab9a5d583a","MemPerc":"8.00%","MemUsage":"287MiB / 3.503GiB","Name":"classifier_deploy-api-1","NetIO":"3.96MB / 8.22MB","PIDs":"119"}
{"BlockIO":"0B / 1.72MB","CPUPerc":"0.21%","Container":"classifier_deploy-api-1","ID":"04ab9a5d583a","MemPerc":"8.00%","MemUsage":"287MiB / 3.503GiB","Name":"classifier_deploy-api-1","NetIO":"3.96MB / 8.22MB","PIDs":"119"}
{"BlockIO":"0B / 1.72MB","CPUPerc":"0.23%","Container":"classifier_deploy-api-1","ID":"04ab9a5d583a","MemPerc":"8.00%","MemUsage":"287MiB / 3.503GiB","Name":"classifier_deploy-api-1","NetIO":"3.96MB / 8.22MB","PIDs":"119"}
{"BlockIO":"0B / 1.72MB","CPUPerc":"0.26%","Container":"classifier_deploy-api-1","ID":"04ab9a5d583a","MemPerc":"8.00%","MemUsage":"287MiB / 3.503GiB","Name":"classifier_deploy-api-1","NetIO":"3.96MB / 8.22MB","PIDs":"119"}
{"BlockIO":"0B / 1.72MB","CPUPerc":"0.28%","Container":"classifier_deploy-api-1","ID":"04ab9a5d583a","MemPerc":"8.00%","MemUsage":"287MiB / 3.503GiB","Name":"classifier_deploy-api-1","NetIO":"3.96MB / 8.22MB","PIDs":"119"}
{"BlockIO":"0B / 1.72MB","CPUPerc":"0.24%","Container":"classifier_deploy-api-1","ID":"04ab9a5d583a","MemPerc":"8.00%","MemUsage":"287MiB / 3.503GiB","Name":"classifier_deploy-api-1","NetIO":"3.96MB / 8.22MB","PIDs":"119"}
{"BlockIO":"0B / 1.72MB","CPUPerc":"0.26%","Container":"classifier_deploy-api-1","ID":"04ab9a5d583a","MemPerc":"8.00%","MemUsage":"287MiB / 3.503GiB","Name":"classifier_deploy-api-1","NetIO":"3.96MB / 8.22MB","PIDs":"119"}
{"BlockIO":"0B / 1.72MB","CPUPerc":"0.24%","Container":"classifier_deploy-api-1","ID":"04ab9a5d583a","MemPerc":"8.00%","MemUsage":"287MiB / 3.503GiB","Name":"classifier_deploy-api-1","NetIO":"3.96MB / 8.22MB","PIDs":"119"}
{"BlockIO":"0B / 1.72MB","CPUPerc":"0.23%","Container":"classifier_deploy-api-1","ID":"04ab9a5d583a","MemPerc":"8.00%","MemUsage":"287MiB / 3.503GiB","Name":"classifier_deploy-api-1","NetIO":"3.96MB / 8.22MB","PIDs":"119"}
{"BlockIO":"0B / 1.72MB","CPUPerc":"0.27%","Container":"classifier_deploy-api-1","ID":"04ab9a5d583a","MemPerc":"8.00%","MemUsage":"287MiB / 3.503GiB","Name":"classifier_deploy-api-1","NetIO":"3.96MB / 8.22MB","PIDs":"119"}
{"BlockIO":"0B / 1.72MB","CPUPerc":"0.22%","Container":"classifier_deploy-api-1","ID":"04ab9a5d583a","MemPerc":"8.00%","MemUsage":"287MiB / 3.503GiB","Name":"classifier_deploy-api-1","NetIO":"3.96MB / 8.22MB","PIDs":"119"}
{"BlockIO":"0B / 1.72MB","CPUPerc":"0.21%","Container":"classifier_deploy-api-1","ID":"04ab9a5d583a","MemPerc":"8.00%","MemUsage":"287MiB / 3.503GiB","Name":"classifier_deploy-api-1","NetIO":"3.96MB / 8.22MB","PIDs":"119"}
{"BlockIO":"0B / 1.72MB","CPUPerc":"0.21%","Container":"classifier_deploy-api-1","ID":"04ab9a5d583a","MemPerc":"8.00%","MemUsage":"287MiB / 3.503GiB","Name":"classifier_deploy-api-1","NetIO":"3.96MB / 8.22MB","PIDs":"119"}
{"BlockIO":"0B / 1.72MB","CPUPerc":"0.23%","Container":"classifier_deploy-api-1","ID":"04ab9a5d583a","MemPerc":"8.00%","MemUsage":"287MiB / 3.503GiB","Name":"classifier_deploy-api-1","NetIO":"3.96MB / 8.22MB","PIDs":"119"}
{"BlockIO":"0B / 1.72MB","CPUPerc":"0.22%","Container":"classifier_deploy-api-1","ID":"04ab9a5d583a","MemPerc":"8.00%","MemUsage":"287MiB / 3.503GiB","Name":"classifier_deploy-api-1","NetIO":"3.96MB / 8.22MB","PIDs":"119"}
