{"BlockIO":"339MB / 1.72MB","CPUPerc":"16.87%","Container":"classifier_deploy-api-1","ID":"4842d8a64e0d","MemPerc":"7.85%","MemUsage":"281.6MiB / 3.503GiB","Name":"classifier_deploy-api-1","NetIO":"4.78kB / 5.08kB","PIDs":"36"}
{"BlockIO":"339MB / 1.72MB","CPUPerc":"10.98%","Container":"classifier_deploy-api-1","ID":"4842d8a64e0d","MemPerc":"7.86%","MemUsage":"282MiB / 3.503GiB","Name":"classifier_deploy-api-1","NetIO":"19.4kB / 31.2kB","PIDs":"41"}
{"BlockIO":"339MB / 1.72MB","CPUPerc":"23.65%","Container":"classifier_deploy-api-1","ID":"4842d8a64e0d","MemPerc":"7.85%","MemUsage":"281.6MiB / 3.503GiB","Name":"classifier_deploy-api-1","NetIO":"50.3kB / 92.7kB","PIDs":"41"}
{"BlockIO":"339MB / 1.72MB","CPUPerc":"8.85%","Container":"classifier_deploy-api-1","ID":"4842d8a64e0d","MemPerc":"7.86%","MemUsage":"282.1MiB / 3.503GiB","Name":"classifier_deploy-api-1","NetIO":"74.9kB / 141kB","PIDs":"41"}
{"BlockIO":"339MB / 1.72MB","CPUPerc":"12.44%","Container":"classifier_deploy-api-1","ID":"4842d8a64e0d","MemPerc":"7.85%","MemUsage":"281.6MiB / 3.503GiB","Name":"classifier_deploy-api-1","NetIO":"98.4kB / 186kB","PIDs":"41"}
{"BlockIO":"339MB / 1.72MB","CPUPerc":"11.31%","Container":"classifier_deploy-api-1","ID":"4842d8a64e0d","MemPerc":"7.85%","MemUsage":"281.7MiB / 3.503GiB","Name":"classifier_deploy-api-1","NetIO":"118kB / 228kB","PIDs":"41"}
{"BlockIO":"339MB / 1.72MB","CPUPerc":"9.52%","Container":"classifier_deploy-api-1","ID":"4842d8a64e0d","MemPerc":"7.88%","MemUsage":"282.8MiB / 3.503GiB","Name":"classifier_deploy-api-1","NetIO":"147kB / 286kB","PIDs":"48"}
{"BlockIO":"339MB / 1.72MB","CPUPerc":"11.81%","Container":"classifier_deploy-api-1","ID":"4842d8a64e0d","MemPerc":"7.90%","MemUsage":"283.4MiB / 3.503GiB","Name":"classifier_deploy-api-1","NetIO":"168kB / 327kB","PIDs":"53"}
{"BlockIO":"339MB / 1.72MB","CPUPerc":"8.98%","Container":"classifier_deploy-api-1","ID":"4842d8a64e0d","MemPerc":"7.89%","MemUsage":"282.9MiB / 3.503GiB","Name":"classifier_deploy-api-1","NetIO":"188kB / 366kB","PIDs":"53"}
{"BlockIO":"339MB / 1.72MB","CPUPerc":"13.32%","Container":"classifier_deploy-api-1","ID":"4842d8a64e0d","MemPerc":"7.86%","MemUsage":"282MiB / 3.503GiB","Name":"classifier_deploy-api-1","NetIO":"219kB / 430kB","PIDs":"41"}
{"BlockIO":"339MB / 1.72MB","CPUPerc":"15.08%","Container":"classifier_deploy-api-1","ID":"4842d8a64e0d","MemPerc":"7.87%","MemUsage":"282.4MiB / 3.503GiB","Name":"classifier_deploy-api-1","NetIO":"240kB / 473kB","PIDs":"41"}
{"BlockIO":"339MB / 1.72MB","CPUPerc":"21.35%","Container":"classifier_deploy-api-1","ID":"4842d8a64e0d","MemPerc":"7.86%","MemUsage":"282.1MiB / 3.503GiB","Name":"classifier_deploy-api-1","NetIO":"270kB / 531kB","PIDs":"47"}
{"BlockIO":"339MB / 1.72MB","CPUPerc":"11.43%","Container":"classifier_deploy-api-1","ID":"4842d8a64e0d","MemPerc":"7.88%","MemUsage":"282.7MiB / 3.503GiB","Name":"classifier_deploy-api-1","NetIO":"302kB / 593kB","PIDs":"47"}
{"BlockIO":"339MB / 1.72MB","CPUPerc":"9.33%","Container":"classifier_deploy-api-1","ID":"4842d8a64e0d","MemPerc":"7.89%","MemUsage":"283MiB / 3.503GiB","Name":"classifier_deploy-api-1","NetIO":"322kB / 634kB","PIDs":"47"}
{"BlockIO":"339MB / 1.72MB","CPUPerc":"11.31%","Container":"classifier_deploy-api-1","ID":"4842d8a64e0d","MemPerc":"7.85%","MemUsage":"281.6MiB / 3.503GiB","Name":"classifier_deploy-api-1","NetIO":"343kB / 678kB","PIDs":"47"}
{"BlockIO":"339MB / 1.72MB","CPUPerc":"15.46%","Container":"classifier_deploy-api-1","ID":"4842d8a64e0d","MemPerc":"7.85%","MemUsage":"281.7MiB / 3.503GiB","Name":"classifier_deploy-api-1","NetIO":"369kB / 728kB","PIDs":"41"}
{"BlockIO":"339MB / 1.72MB","CPUPerc":"20.78%","Container":"classifier_deploy-api-1","ID":"4842d8a64e0d","MemPerc":"7.87%","MemUsage":"282.2MiB / 3.503GiB","Name":"classifier_deploy-api-1","NetIO":"398kB / 786kB","PIDs":"41"}
{"BlockIO":"339MB / 1.72MB","CPUPerc":"11.60%","Container":"classifier_deploy-api-1","ID":"4842d8a64e0d","MemPerc":"7.84%","MemUsage":"281.4MiB / 3.503GiB","Name":"classifier_deploy-api-1","NetIO":"420kB / 829kB","PIDs":"41"}
{"BlockIO":"339MB / 1.72MB","CPUPerc":"38.40%","Container":"classifier_deploy-api-1","ID":"4842d8a64e0d","MemPerc":"7.86%","MemUsage":"281.9MiB / 3.503GiB","Name":"classifier_deploy-api-1","NetIO":"447kB / 884kB","PIDs":"41"}
{"BlockIO":"339MB / 1.72MB","CPUPerc":"11.14%","Container":"classifier_deploy-api-1","ID":"4842d8a64e0d","MemPerc":"7.88%","MemUsage":"282.7MiB / 3.503GiB","Name":"classifier_deploy-api-1","NetIO":"464kB / 917kB","PIDs":"41"}
{"BlockIO":"339MB / 1.72MB","CPUPerc":"12.39%","Container":"classifier_deploy-api-1","ID":"4842d8a64e0d","MemPerc":"7.88%","MemUsage":"282.7MiB / 3.503GiB","Name":"classifier_deploy-api-1","NetIO":"484kB / 957kB","PIDs":"41"}
{"BlockIO":"339MB / 1.72MB","CPUPerc":"13.29%","Container":"classifier_deploy-api-1","ID":"4842d8a64e0d","MemPerc":"7.87%","MemUsage":"282.4MiB / 3.503GiB","Name":"classifier_deploy-api-1","NetIO":"515kB / 1.02MB","PIDs":"41"}
{"BlockIO":"339MB / 1.72MB","CPUPerc":"14.64%","Container":"classifier_deploy-api-1","ID":"4842d8a64e0d","MemPerc":"7.89%","MemUsage":"282.9MiB / 3.503GiB","Name":"classifier_deploy-api-1","NetIO":"536kB / 1.06MB","PIDs":"42"}
{"BlockIO":"339MB / 1.72MB","CPUPerc":"14.75%","Container":"classifier_deploy-api-1","ID":"4842d8a64e0d","MemPerc":"7.89%","MemUsage":"282.9MiB / 3.503GiB","Name":"classifier_deploy-api-1","NetIO":"561kB / 1.11MB","PIDs":"42"}
{"BlockIO":"339MB / 1.72MB","CPUPerc":"15.37%","Container":"classifier_deploy-api-1","ID":"4842d8a64e0d","MemPerc":"7.87%","MemUsage":"282.5MiB / 3.503GiB","Name":"classifier_deploy-api-1","NetIO":"589kB / 1.17MB","PIDs":"42"}
{"BlockIO":"339MB / 1.72MB","CPUPerc":"10.95%","Container":"classifier_deploy-api-1","ID":"4842d8a64e0d","MemPerc":"7.90%","MemUsage":"283.4MiB / 3.503GiB","Name":"classifier_deploy-api-1","NetIO":"611kB / 1.21MB","PIDs":"41"}
{"BlockIO":"339MB / 1.72MB","CPUPerc":"20.38%","Container":"classifier_deploy-api-1","ID":"4842d8a64e0d","MemPerc":"7.87%","MemUsage":"282.4MiB / 3.503GiB","Name":"classifier_deploy-api-1","NetIO":"638kB / 1.26MB","PIDs":"41"}
{"BlockIO":"339MB / 1.72MB","CPUPerc":"15.40%","Container":"classifier_deploy-api-1","ID":"4842d8a64e0d","MemPerc":"7.87%","MemUsage":"282.4MiB / 3.503GiB","Name":"classifier_deploy-api-1","NetIO":"668kB / 1.32MB","PIDs":"41"}
{"BlockIO":"339MB / 1.72MB","CPUPerc":"6.66%","Container":"classifier_deploy-api-1","ID":"4842d8a64e0d","MemPerc":"7.87%","MemUsage":"282.2MiB / 3.503GiB","Name":"classifier_deploy-api-1","NetIO":"685kB / 1.36MB","PIDs":"41"}
{"BlockIO":"339MB / 1.72MB","CPUPerc":"17.41%","Container":"classifier_deploy-api-1","ID":"4842d8a64e0d","MemPerc":"7.85%","MemUsage":"281.5MiB / 3.503GiB","Name":"classifier_deploy-api-1","NetIO":"711kB / 1.41MB","PIDs":"41"}
{"BlockIO":"339MB / 1.72MB","CPUPerc":"20.73%","Container":"classifier_deploy-api-1","ID":"4842d8a64e0d","MemPerc":"7.88%","MemUsage":"282.5MiB / 3.503GiB","Name":"classifier_deploy-api-1","NetIO":"742kB / 1.47MB","PIDs":"41"}
{"BlockIO":"339MB / 1.72MB","CPUPerc":"17.05%","Container":"classifier_deploy-api-1","ID":"4842d8a64e0d","MemPerc":"7.87%","MemUsage":"282.5MiB / 3.503GiB","Name":"classifier_deploy-api-1","NetIO":"769kB / 1.53MB","PIDs":"41"}
{"BlockIO":"339MB / 1.72MB","CPUPerc":"35.16%","Container":"classifier_deploy-api-1","ID":"4842d8a64e0d","MemPerc":"7.86%","MemUsage":"282MiB / 3.503GiB","Name":"classifier_deploy-api-1","NetIO":"795kB / 1.58MB","PIDs":"41"}
{"BlockIO":"339MB / 1.72MB","CPUPerc":"16.02%","Container":"classifier_deploy-api-1","ID":"4842d8a64e0d","MemPerc":"7.87%","MemUsage":"282.3MiB / 3.503GiB","Name":"classifier_deploy-api-1","NetIO":"823kB / 1.63MB","PIDs":"41"}
{"BlockIO":"339MB / 1.72MB","CPUPerc":"10.81%","Container":"classifier_deploy-api-1","ID":"4842d8a64e0d","MemPerc":"7.89%","MemUsage":"283MiB / 3.503GiB","Name":"classifier_deploy-api-1","NetIO":"846kB / 1.68MB","PIDs":"41"}
{"BlockIO":"339MB / 1.72MB","CPUPerc":"20.65%","Container":"classifier_deploy-api-1","ID":"4842d8a64e0d","MemPerc":"7.93%","MemUsage":"284.3MiB / 3.503GiB","Name":"classifier_deploy-api-1","NetIO":"870kB / 1.73MB","PIDs":"53"}
{"BlockIO":"339MB / 1.72MB","CPUPerc":"0.26%","Container":"classifier_deploy-api-1","ID":"4842d8a64e0d","MemPerc":"7.88%","MemUsage":"282.8MiB / 3.503GiB","Name":"classifier_deploy-api-1","NetIO":"889kB / 1.76MB","PIDs":"47"}
{"BlockIO":"339MB / 1.72MB","CPUPerc":"0.24%","Container":"classifier_deploy-api-1","ID":"4842d8a64e0d","MemPerc":"7.86%","MemUsage":"282.1MiB / 3.503GiB","Name":"classifier_deploy-api-1","NetIO":"889kB / 1.76MB","PIDs":"47"}
{"BlockIO":"339MB / 1.72MB","CPUPerc":"0.21%","Container":"classifier_deploy-api-1","ID":"4842d8a64e0d","MemPerc":"7.86%","MemUsage":"282MiB / 3.503GiB","Name":"classifier_deploy-api-1","NetIO":"889kB / 1.76MB","PIDs":"47"}
{"BlockIO":"339MB / 1.72MB","CPUPerc":"0.21%","Container":"classifier_deploy-api-1","ID":"4842d8a64e0d","MemPerc":"7.86%","MemUsage":"282MiB / 3.503GiB","Name":"classifier_deploy-api-1","NetIO":"889kB / 1.76MB","PIDs":"47"}
{"BlockIO":"339MB / 1.72MB","CPUPerc":"0.21%","Container":"classifier_deploy-api-1","ID":"4842d8a64e0d","MemPerc":"7.86%","MemUsage":"282MiB / 3.503GiB","Name":"classifier_deploy-api-1","NetIO":"889kB / 1.76MB","PIDs":"47"}
{"BlockIO":"339MB / 1.72MB","CPUPerc":"0.20%","Container":"classifier_deploy-api-1","ID":"4842d8a64e0d","MemPerc":"7.86%","MemUsage":"282MiB / 3.503GiB","Name":"classifier_deploy-api-1","NetIO":"889kB / 1.76MB","PIDs":"47"}
{"BlockIO":"339MB / 1.72MB","CPUPerc":"0.20%","Container":"classifier_deploy-api-1","ID":"4842d8a64e0d","MemPerc":"7.86%","MemUsage":"282MiB / 3.503GiB","Name":"classifier_deploy-api-1","NetIO":"889kB / 1.76MB","PIDs":"47"}
{"BlockIO":"339MB / 1.72MB","CPUPerc":"0.18%","Container":"classifier_deploy-api-1","ID":"4842d8a64e0d","MemPerc":"7.86%","MemUsage":"282MiB / 3.503GiB","Name":"classifier_deploy-api-1","NetIO":"889kB / 1.76MB","PIDs":"47"}
{"BlockIO":"339MB / 1.72MB","CPUPerc":"0.21%","Container":"classifier_deploy-api-1","ID":"4842d8a64e0d","MemPerc":"7.86%","MemUsage":"282MiB / 3.503GiB","Name":"classifier_deploy-api-1","NetIO":"889kB / 1.76MB","PIDs":"47"}
{"BlockIO":"339MB / 1.72MB","CPUPerc":"0.19%","Container":"classifier_deploy-api-1","ID":"4842d8a64e0d","MemPerc":"7.86%","MemUsage":"282MiB / 3.503GiB","Name":"classifier_deploy-api-1","NetIO":"889kB / 1.76MB","PIDs":"47"}
{"BlockIO":"339MB / 1.72MB","CPUPerc":"0.23%","Container":"classifier_deploy-api-1","ID":"4842d8a64e0d","MemPerc":"7.86%","MemUsage":"282MiB / 3.503GiB","Name":"classifier_deploy-api-1","NetIO":"889kB / 1.76MB","PIDs":"47"}
{"BlockIO":"339MB / 1.72MB","CPUPerc":"0.25%","Container":"classifier_deploy-api-1","ID":"4842d8a64e0d","MemPerc":"7.86%","MemUsage":"282MiB / 3.503GiB","Name":"classifier_deploy-api-1","NetIO":"889kB / 1.76MB","PIDs":"47"}
{"BlockIO":"339MB / 1.72MB","CPUPerc":"0.22%","Container":"classifier_deploy-api-1","ID":"4842d8a64e0d","MemPerc":"7.86%","MemUsage":"282MiB / 3.503GiB","Name":"classifier_deploy-api-1","NetIO":"889kB / 1.76MB","PIDs":"47"}
{"BlockIO":"339MB / 1.72MB","CPUPerc":"0.17%","Container":"classifier_deploy-api-1","ID":"4842d8a64e0d","MemPerc":"7.86%","MemUsage":"282MiB / 3.503GiB","Name":"classifier_deploy-api-1","NetIO":"889kB / 1.76MB","PIDs":"47"}
{"BlockIO":"339MB / 1.72MB","CPUPerc":"0.20%","Container":"classifier_deploy-api-1","ID":"4842d8a64e0d","MemPerc":"7.86%","MemUsage":"282MiB / 3.503GiB","Name":"classifier_deploy-api-1","NetIO":"889kB / 1.76MB","PIDs":"47"}
{"BlockIO":"339MB / 1.72MB","CPUPerc":"0.23%","Container":"classifier_deploy-api-1","ID":"4842d8a64e0d","MemPerc":"7.86%","MemUsage":"282MiB / 3.503GiB","Name":"classifier_deploy-api-1","NetIO":"889kB / 1.76MB","PIDs":"47"}
{"BlockIO":"339MB / 1.72MB","CPUPerc":"0.22%","Container":"classifier_deploy-api-1","ID":"4842d8a64e0d","MemPerc":"7.86%","MemUsage":"282MiB / 3.503GiB","Name":"classifier_deploy-api-1","NetIO":"889kB / 1.76MB","PIDs":"47"}
{"BlockIO":"339MB / 1.72MB","CPUPerc":"0.24%","Container":"classifier_deploy-api-1","ID":"4842d8a64e0d","MemPerc":"7.86%","MemUsage":"282MiB / 3.503GiB","Name":"classifier_deploy-api-1","NetIO":"889kB / 1.76MB","PIDs":"47"}
{"BlockIO":"339MB / 1.72MB","CPUPerc":"0.21%","Container":"classifier_deploy-api-1","ID":"4842d8a64e0d","MemPerc":"7.86%","MemUsage":"282MiB / 3.503GiB","Name":"classifier_deploy-api-1","NetIO":"889kB / 1.76MB","PIDs":"47"}
{"BlockIO":"339MB / 1.72MB","CPUPerc":"0.22%","Container":"classifier_deploy-api-1","ID":"4842d8a64e0d","MemPerc":"7.86%","MemUsage":"282MiB / 3.503GiB","Name":"classifier_deploy-api-1","NetIO":"889kB / 1.76MB","PIDs":"47"}
{"BlockIO":"339MB / 1.72MB","CPUPerc":"0.21%","Container":"classifier_deploy-api-1","ID":"4842d8a64e0d","MemPerc":"7.86%","MemUsage":"282MiB / 3.503GiB","Name":"classifier_deploy-api-1","NetIO":"889kB / 1.76MB","PIDs":"47"}
{"BlockIO":"339MB / 1.72MB","CPUPerc":"0.22%","Container":"classifier_deploy-api-1","ID":"4842d8a64e0d","MemPerc":"7.86%","MemUsage":"282MiB / 3.503GiB","Name":"classifier_deploy-api-1","NetIO":"889kB / 1.76MB","PIDs":"47"}
{"BlockIO":"339MB / 1.72MB","CPUPerc":"0.23%","Container":"classifier_deploy-api-1","ID":"4842d8a64e0d","MemPerc":"7.86%","MemUsage":"282MiB / 3.503GiB","Name":"classifier_deploy-api-1","NetIO":"889kB / 1.76MB","PIDs":"47"}
{"BlockIO":"339MB / 1.72MB","CPUPerc":"0.22%","Container":"classifier_deploy-api-1","ID":"4842d8a64e0d","MemPerc":"7.86%","MemUsage":"282MiB / 3.503GiB","Name":"classifier_deploy-api-1","NetIO":"889kB / 1.76MB","PIDs":"47"}
{"BlockIO":"339MB / 1.72MB","CPUPerc":"0.17%","Container":"classifier_deploy-api-1","ID":"4842d8a64e0d","MemPerc":"7.86%","MemUsage":"282MiB / 3.503GiB","Name":"classifier_deploy-api-1","NetIO":"889kB / 1.76MB","PIDs":"47"}
{"BlockIO":"339MB / 1.72MB","CPUPerc":"0.20%","Container":"classifier_deploy-api-1","ID":"4842d8a64e0d","MemPerc":"7.86%","MemUsage":"282MiB / 3.503GiB","Name":"classifier_deploy-api-1","NetIO":"889kB / 1.76MB","PIDs":"47"}
{"BlockIO":"339MB / 1.72MB","CPUPerc":"0.24%","Container":"classifier_deploy-api-1","ID":"4842d8a64e0d","MemPerc":"7.86%","MemUsage":"282MiB / 3.503GiB","Name":"classifier_deploy-api-1","NetIO":"889kB / 1.76MB","PIDs":"47"}
{"BlockIO":"339MB / 1.72MB","CPUPerc":"0.18%","Container":"classifier_deploy-api-1","ID":"4842d8a64e0d","MemPerc":"7.86%","MemUsage":"282MiB / 3.503GiB","Name":"classifier_deploy-api-1","NetIO":"889kB / 1.76MB","PIDs":"47"}
{"BlockIO":"339MB / 1.72MB","CPUPerc":"0.20%","Container":"classifier_deploy-api-1","ID":"4842d8a64e0d","MemPerc":"7.86%","MemUsage":"282MiB / 3.503GiB","Name":"classifier_deploy-api-1","NetIO":"889kB / 1.76MB","PIDs":"47"}
{"BlockIO":"339MB / 1.72MB","CPUPerc":"0.18%","Container":"classifier_deploy-api-1","ID":"4842d8a64e0d","MemPerc":"7.86%","MemUsage":"282MiB / 3.503GiB","Name":"classifier_deploy-api-1","NetIO":"889kB / 1.76MB","PIDs":"47"}
{"BlockIO":"339MB / 1.72MB","CPUPerc":"0.19%","Container":"classifier_deploy-api-1","ID":"4842d8a64e0d","MemPerc":"7.86%","MemUsage":"282MiB / 3.503GiB","Name":"classifier_deploy-api-1","NetIO":"889kB / 1.76MB","PIDs":"47"}
{"BlockIO":"339MB / 1.72MB","CPUPerc":"0.21%","Container":"classifier_deploy-api-1","ID":"4842d8a64e0d","MemPerc":"7.86%","MemUsage":"282MiB / 3.503GiB","Name":"classifier_deploy-api-1","NetIO":"889kB / 1.76MB","PIDs":"47"}
{"BlockIO":"339MB / 1.72MB","CPUPerc":"0.23%","Container":"classifier_deploy-api-1","ID":"4842d8a64e0d","MemPerc":"7.86%","MemUsage":"282MiB / 3.503GiB","Name":"classifier_deploy-api-1","NetIO":"889kB / 1.76MB","PIDs":"47"}
{"BlockIO":"339MB / 1.72MB","CPUPerc":"0.23%","Container":"classifier_deploy-api-1","ID":"4842d8a64e0d","MemPerc":"7.86%","MemUsage":"282MiB / 3.503GiB","Name":"classifier_deploy-api-1","NetIO":"889kB / 1.76MB","PIDs":"47"}
