{"BlockIO":"0B / 1.72MB","CPUPerc":"0.23%","Container":"classifier_deploy-api-1","ID":"5dd35409b196","MemPerc":"7.65%","MemUsage":"274.4MiB / 3.503GiB","Name":"classifier_deploy-api-1","NetIO":"2.38kB / 759B","PIDs":"25"}
{"BlockIO":"0B / 1.72MB","CPUPerc":"124.19%","Container":"classifier_deploy-api-1","ID":"5dd35409b196","MemPerc":"7.94%","MemUsage":"284.8MiB / 3.503GiB","Name":"classifier_deploy-api-1","NetIO":"106kB / 189kB","PIDs":"148"}
{"BlockIO":"0B / 1.72MB","CPUPerc":"117.31%","Container":"classifier_deploy-api-1","ID":"5dd35409b196","MemPerc":"7.97%","MemUsage":"285.8MiB / 3.503GiB","Name":"classifier_deploy-api-1","NetIO":"245kB / 476kB","PIDs":"148"}
{"BlockIO":"0B / 1.72MB","CPUPerc":"121.89%","Container":"classifier_deploy-api-1","ID":"5dd35409b196","MemPerc":"7.99%","MemUsage":"286.5MiB / 3.503GiB","Name":"classifier_deploy-api-1","NetIO":"391kB / 778kB","PIDs":"148"}
{"BlockIO":"0B / 1.72MB","CPUPerc":"119.52%","Container":"classifier_deploy-api-1","ID":"5dd35409b196","MemPerc":"7.99%","MemUsage":"286.5MiB / 3.503GiB","Name":"classifier_deploy-api-1","NetIO":"507kB / 1.02MB","PIDs":"148"}
{"BlockIO":"0B / 1.72MB","CPUPerc":"120.91%","Container":"classifier_deploy-api-1","ID":"5dd35409b196","MemPerc":"8.03%","MemUsage":"288MiB / 3.503GiB","Name":"classifier_deploy-api-1","NetIO":"628kB / 1.27MB","PIDs":"149"}
{"BlockIO":"0B / 1.72MB","CPUPerc":"120.74%","Container":"classifier_deploy-api-1","ID":"5dd35409b196","MemPerc":"8.02%","MemUsage":"287.6MiB / 3.503GiB","Name":"classifier_deploy-api-1","NetIO":"772kB / 1.58MB","PIDs":"149"}
{"BlockIO":"0B / 1.72MB","CPUPerc":"122.73%","Container":"classifier_deploy-api-1","ID":"5dd35409b196","MemPerc":"8.03%","MemUsage":"287.9MiB / 3.503GiB","Name":"classifier_deploy-api-1","NetIO":"887kB / 1.82MB","PIDs":"149"}
{"BlockIO":"0B / 1.72MB","CPUPerc":"120.02%","Container":"classifier_deploy-api-1","ID":"5dd35409b196","MemPerc":"8.03%","MemUsage":"288.2MiB / 3.503GiB","Name":"classifier_deploy-api-1","NetIO":"994kB / 2.04MB","PIDs":"149"}
{"BlockIO":"0B / 1.72MB","CPUPerc":"119.65%","Container":"classifier_deploy-api-1","ID":"5dd35409b196","MemPerc":"8.02%","MemUsage":"287.7MiB / 3.503GiB","Name":"classifier_deploy-api-1","NetIO":"1.13MB / 2.32MB","PIDs":"149"}
{"BlockIO":"0B / 1.72MB","CPUPerc":"119.08%","Container":"classifier_deploy-api-1","ID":"5dd35409b196","MemPerc":"8.04%","MemUsage":"288.3MiB / 3.503GiB","Name":"classifier_deploy-api-1","NetIO":"1.24MB / 2.54MB","PIDs":"149"}
{"BlockIO":"0B / 1.72MB","CPUPerc":"119.73%","Container":"classifier_deploy-api-1","ID":"5dd35409b196","MemPerc":"8.02%","MemUsage":"287.9MiB / 3.503GiB","Name":"classifier_deploy-api-1","NetIO":"1.34MB / 2.75MB","PIDs":"149"}
{"BlockIO":"0B / 1.72MB","CPUPerc":"121.21%","Container":"classifier_deploy-api-1","ID":"5dd35409b196","MemPerc":"8.02%","MemUsage":"287.7MiB / 3.503GiB","Name":"classifier_deploy-api-1","NetIO":"1.47MB / 3.02MB","PIDs":"149"}
{"BlockIO":"0B / 1.72MB","CPUPerc":"122.10%","Container":"classifier_deploy-api-1","ID":"5dd35409b196","MemPerc":"8.04%","MemUsage":"288.6MiB / 3.503GiB","Name":"classifier_deploy-api-1","NetIO":"1.57MB / 3.23MB","PIDs":"149"}
{"BlockIO":"0B / 1.72MB","CPUPerc":"118.81%","Container":"classifier_deploy-api-1","ID":"5dd35409b196","MemPerc":"8.03%","MemUsage":"288.1MiB / 3.503GiB","Name":"classifier_deploy-api-1","NetIO":"1.68MB / 3.45MB","PIDs":"149"}
{"BlockIO":"0B / 1.72MB","CPUPerc":"121.59%","Container":"classifier_deploy-api-1","ID":"5dd35409b196","MemPerc":"8.02%","MemUsage":"287.9MiB / 3.503GiB","Name":"classifier_deploy-api-1","NetIO":"1.81MB / 3.72MB","PIDs":"149"}
{"BlockIO":"0B / 1.72MB","CPUPerc":"120.27%","Container":"classifier_deploy-api-1","ID":"5dd35409b196","MemPerc":"8.03%","MemUsage":"288.2MiB / 3.503GiB","Name":"classifier_deploy-api-1","NetIO":"1.9MB / 3.91MB","PIDs":"149"}
{"BlockIO":"0B / 1.72MB","CPUPerc":"122.81%","Container":"classifier_deploy-api-1","ID":"5dd35409b196","MemPerc":"8.03%","MemUsage":"288.1MiB / 3.503GiB","Name":"classifier_deploy-api-1","NetIO":"2MB / 4.12MB","PIDs":"149"}
{"BlockIO":"0B / 1.72MB","CPUPerc":"121.31%","Container":"classifier_deploy-api-1","ID":"5dd35409b196","MemPerc":"8.02%","MemUsage":"287.5MiB / 3.503GiB","Name":"classifier_deploy-api-1","NetIO":"2.13MB / 4.38MB","PIDs":"149"}
{"BlockIO":"0B / 1.72MB","CPUPerc":"121.12%","Container":"classifier_deploy-api-1","ID":"5dd35409b196","MemPerc":"8.05%","MemUsage":"288.7MiB / 3.503GiB","Name":"classifier_deploy-api-1","NetIO":"2.23MB / 4.6MB","PIDs":"149"}
{"BlockIO":"0B / 1.72MB","CPUPerc":"118.16%","Container":"classifier_deploy-api-1","ID":"5dd35409b196","MemPerc":"8.04%","MemUsage":"288.3MiB / 3.503GiB","Name":"classifier_deploy-api-1","NetIO":"2.34MB / 4.82MB","PIDs":"149"}
{"BlockIO":"0B / 1.72MB","CPUPerc":"119.20%","Container":"classifier_deploy-api-1","ID":"5dd35409b196","MemPerc":"8.03%","MemUsage":"288MiB / 3.503GiB","Name":"classifier_deploy-api-1","NetIO":"2.45MB / 5.06MB","PIDs":"149"}
{"BlockIO":"0B / 1.72MB","CPUPerc":"118.40%","Container":"classifier_deploy-api-1","ID":"5dd35409b196","MemPerc":"8.05%","MemUsage":"288.7MiB / 3.503GiB","Name":"classifier_deploy-api-1","NetIO":"2.55MB / 5.27MB","PIDs":"149"}
{"BlockIO":"0B / 1.72MB","CPUPerc":"120.19%","Container":"classifier_deploy-api-1","ID":"5dd35409b196","MemPerc":"8.04%","MemUsage":"288.4MiB / 3.503GiB","Name":"classifier_deploy-api-1","NetIO":"2.65MB / 5.47MB","PIDs":"149"}
{"BlockIO":"0B / 1.72MB","CPUPerc":"121.65%","Container":"classifier_deploy-api-1","ID":"5dd35409b196","MemPerc":"8.02%","MemUsage":"287.7MiB / 3.503GiB","Name":"classifier_deploy-api-1","NetIO":"2.78MB / 5.73MB","PIDs":"149"}
{"BlockIO":"0B / 1.72MB","CPUPerc":"120.22%","Container":"classifier_deploy-api-1","ID":"5dd35409b196","MemPerc":"8.05%","MemUsage":"288.6MiB / 3.503GiB","Name":"classifier_deploy-api-1","NetIO":"2.88MB / 5.95MB","PIDs":"149"}
{"BlockIO":"0B / 1.72MB","CPUPerc":"122.56%","Container":"classifier_deploy-api-1","ID":"5dd35409b196","MemPerc":"8.05%","MemUsage":"288.7MiB / 3.503GiB","Name":"classifier_deploy-api-1","NetIO":"2.99MB / 6.16MB","PIDs":"149"}
{"BlockIO":"0B / 1.72MB","CPUPerc":"122.24%","Container":"classifier_deploy-api-1","ID":"5dd35409b196","MemPerc":"8.01%","MemUsage":"287.5MiB / 3.503GiB","Name":"classifier_deploy-api-1","NetIO":"3.11MB / 6.42MB","PIDs":"149"}
{"BlockIO":"0B / 1.72MB","CPUPerc":"116.14%","Container":"classifier_deploy-api-1","ID":"5dd35409b196","MemPerc":"8.05%","MemUsage":"288.9MiB / 3.503GiB","Name":"classifier_deploy-api-1","NetIO":"3.21MB / 6.63MB","PIDs":"149"}
{"BlockIO":"0B / 1.72MB","CPUPerc":"124.77%","Container":"classifier_deploy-api-1","ID":"5dd35409b196","MemPerc":"8.06%","MemUsage":"289MiB / 3.503GiB","Name":"classifier_deploy-api-1","NetIO":"3.31MB / 6.85MB","PIDs":"149"}
{"BlockIO":"0B / 1.72MB","CPUPerc":"118.49%","Container":"classifier_deploy-api-1","ID":"5dd35409b196","MemPerc":"8.05%","MemUsage":"288.8MiB / 3.503GiB","Name":"classifier_deploy-api-1","NetIO":"3.43MB / 7.08MB","PIDs":"149"}
{"BlockIO":"0B / 1.72MB","CPUPerc":"123.61%","Container":"classifier_deploy-api-1","ID":"5dd35409b196","MemPerc":"8.03%","MemUsage":"288.2MiB / 3.503GiB","Name":"classifier_deploy-api-1","NetIO":"3.55MB / 7.31MB","PIDs":"137"}
{"BlockIO":"0B / 1.72MB","CPUPerc":"125.31%","Container":"classifier_deploy-api-1","ID":"5dd35409b196","MemPerc":"8.05%","MemUsage":"288.9MiB / 3.503GiB","Name":"classifier_deploy-api-1","NetIO":"3.65MB / 7.52MB","PIDs":"137"}
{"BlockIO":"0B / 1.72MB","CPUPerc":"119.62%","Container":"classifier_deploy-api-1","ID":"5dd35409b196","MemPerc":"8.04%","MemUsage":"288.4MiB / 3.503GiB","Name":"classifier_deploy-api-1","NetIO":"3.78MB / 7.79MB","PIDs":"138"}
{"BlockIO":"0B / 1.72MB","CPUPerc":"123.53%","Container":"classifier_deploy-api-1","ID":"5dd35409b196","MemPerc":"8.06%","MemUsage":"289MiB / 3.503GiB","Name":"classifier_deploy-api-1","NetIO":"3.88MB / 8.01MB","PIDs":"138"}
{"BlockIO":"0B / 1.72MB","CPUPerc":"121.02%","Container":"classifier_deploy-api-1","ID":"5dd35409b196","MemPerc":"8.05%","MemUsage":"288.8MiB / 3.503GiB","Name":"classifier_deploy-api-1","NetIO":"3.99MB / 8.23MB","PIDs":"138"}
{"BlockIO":"0B / 1.72MB","CPUPerc":"90.95%","Container":"classifier_deploy-api-1","ID":"5dd35409b196","MemPerc":"8.04%","MemUsage":"288.2MiB / 3.503GiB","Name":"classifier_deploy-api-1","NetIO":"4.1MB / 8.47MB","PIDs":"138"}
{"BlockIO":"0B / 1.72MB","CPUPerc":"0.22%","Container":"classifier_deploy-api-1","ID":"5dd35409b196","MemPerc":"8.03%","MemUsage":"287.9MiB / 3.503GiB","Name":"classifier_deploy-api-1","NetIO":"4.1MB / 8.47MB","PIDs":"138"}
{"BlockIO":"0B / 1.72MB","CPUPerc":"0.22%","Container":"classifier_deploy-api-1","ID":"5dd35409b196","MemPerc":"8.03%","MemUsage":"287.9MiB / 3.503GiB","Name":"classifier_deploy-api-1","NetIO":"4.1MB / 8.47MB","PIDs":"138"}
{"BlockIO":"0B / 1.72MB","CPUPerc":"0.23%","Container":"classifier_deploy-api-1","ID":"5dd35409b196","MemPerc":"8.01%","MemUsage":"287.2MiB / 3.503GiB","Name":"classifier_deploy-api-1","NetIO":"4.1MB / 8.47MB","PIDs":"138"}
{"BlockIO":"0B / 1.72MB","CPUPerc":"0.23%","Container":"classifier_deploy-api-1","ID":"5dd35409b196","MemPerc":"8.01%","MemUsage":"287.2MiB / 3.503GiB","Name":"classifier_deploy-api-1","NetIO":"4.1MB / 8.47MB","PIDs":"138"}
{"BlockIO":"0B / 1.72MB","CPUPerc":"0.22%","Container":"classifier_deploy-api-1","ID":"5dd35409b196","MemPerc":"8.01%","MemUsage":"287.2MiB / 3.503GiB","Name":"classifier_deploy-api-1","NetIO":"4.1MB / 8.47MB","PIDs":"138"}
{"BlockIO":"0B / 1.72MB","CPUPerc":"0.23%","Container":"classifier_deploy-api-1","ID":"5dd35409b196","MemPerc":"8.01%","MemUsage":"287.2MiB / 3.503GiB","Name":"classifier_deploy-api-1","NetIO":"4.1MB / 8.47MB","PIDs":"138"}
{"BlockIO":"0B / 1.72MB","CPUPerc":"0.19%","Container":"classifier_deploy-api-1","ID":"5dd35409b196","MemPerc":"8.01%","MemUsage":"287.2MiB / 3.503GiB","Name":"classifier_deploy-api-1","NetIO":"4.1MB / 8.47MB","PIDs":"138"}
{"BlockIO":"0B / 1.72MB","CPUPerc":"0.26%","Container":"classifier_deploy-api-1","ID":"5dd35409b196","MemPerc":"8.01%","MemUsage":"287.2MiB / 3.503GiB","Name":"classifier_deploy-api-1","NetIO":"4.1MB / 8.47MB","PIDs":"138"}
{"BlockIO":"0B / 1.72MB","CPUPerc":"0.24%","Container":"classifier_deploy-api-1","ID":"5dd35409b196","MemPerc":"8.01%","MemUsage":"287.2MiB / 3.503GiB","Name":"classifier_deploy-api-1","NetIO":"4.1MB / 8.47MB","PIDs":"138"}
{"BlockIO":"0B / 1.72MB","CPUPerc":"0.22%","Container":"classifier_deploy-api-1","ID":"5dd35409b196","MemPerc":"8.01%","MemUsage":"287.2MiB / 3.503GiB","Name":"classifier_deploy-api-1","NetIO":"4.1MB / 8.47MB","PIDs":"138"}
{"BlockIO":"0B / 1.72MB","CPUPerc":"0.25%","Container":"classifier_deploy-api-1","ID":"5dd35409b196","MemPerc":"8.01%","MemUsage":"287.2MiB / 3.503GiB","Name":"classifier_deploy-api-1","NetIO":"4.1MB / 8.47MB","PIDs":"138"}
{"BlockIO":"0B / 1.72MB","CPUPerc":"0.23%","Container":"classifier_deploy-api-1","ID":"5dd35409b196","MemPerc":"8.01%","MemUsage":"287.2MiB / 3.503GiB","Name":"classifier_deploy-api-1","NetIO":"4.1MB / 8.47MB","PIDs":"138"}
{"BlockIO":"0B / 1.72MB","CPUPerc":"0.33%","Container":"classifier_deploy-api-1","ID":"5dd35409b196","MemPerc":"8.01%","MemUsage":"287.2MiB / 3.503GiB","Name":"classifier_deploy-api-1","NetIO":"4.1MB / 8.47MB","PIDs":"138"}
{"BlockIO":"0B / 1.72MB","CPUPerc":"0.26%","Container":"classifier_deploy-api-1","ID":"5dd35409b196","MemPerc":"8.01%","MemUsage":"287.2MiB / 3.503GiB","Name":"classifier_deploy-api-1","NetIO":"4.1MB / 8.47MB","PIDs":"138"}
{"BlockIO":"0B / 1.72MB","CPUPerc":"0.24%","Container":"classifier_deploy-api-1","ID":"5dd35409b196","MemPerc":"8.01%","MemUsage":"287.2MiB / 3.503GiB","Name":"classifier_deploy-api-1","NetIO":"4.1MB / 8.47MB","PIDs":"138"}
{"BlockIO":"0B / 1.72MB","CPUPerc":"0.28%","Container":"classifier_deploy-api-1","ID":"5dd35409b196","MemPerc":"8.01%","MemUsage":"287.2MiB / 3.503GiB","Name":"classifier_deploy-api-1","NetIO":"4.1MB / 8.47MB","PIDs":"138"}
{"BlockIO":"0B / 1.72MB","CPUPerc":"0.21%","Container":"classifier_deploy-api-1","ID":"5dd35409b196","MemPerc":"8.01%","MemUsage":"287.2MiB / 3.503GiB","Name":"classifier_deploy-api-1","NetIO":"4.1MB / 8.47MB","PIDs":"138"}
{"BlockIO":"0B / 1.72MB","CPUPerc":"0.24%","Container":"classifier_deploy-api-1","ID":"5dd35409b196","MemPerc":"8.01%","MemUsage":"287.2MiB / 3.503GiB","Name":"classifier_deploy-api-1","NetIO":"4.1MB / 8.47MB","PIDs":"138"}
{"BlockIO":"0B / 1.72MB","CPUPerc":"0.24%","Container":"classifier_deploy-api-1","ID":"5dd35409b196","MemPerc":"8.01%","MemUsage":"287.2MiB / 3.503GiB","Name":"classifier_deploy-api-1","NetIO":"4.1MB / 8.47MB","PIDs":"138"}
{"BlockIO":"0B / 1.72MB","CPUPerc":"0.22%","Container":"classifier_deploy-api-1","ID":"5dd35409b196","MemPerc":"8.01%","MemUsage":"287.2MiB / 3.503GiB","Name":"classifier_deploy-api-1","NetIO":"4.1MB / 8.47MB","PIDs":"138"}
{"BlockIO":"0B / 1.72MB","CPUPerc":"0.29%","Container":"classifier_deploy-api-1","ID":"5dd35409b196","MemPerc":"8.01%","MemUsage":"287.2MiB / 3.503GiB","Name":"classifier_deploy-api-1","NetIO":"4.1MB / 8.47MB","PIDs":"138"}
{"BlockIO":"0B / 1.72MB","CPUPerc":"0.24%","Container":"classifier_deploy-api-1","ID":"5dd35409b196","MemPerc":"8.01%","MemUsage":"287.2MiB / 3.503GiB","Name":"classifier_deploy-api-1","NetIO":"4.1MB / 8.47MB","PIDs":"138"}
{"BlockIO":"0B / 1.72MB","CPUPerc":"0.23%","Container":"classifier_deploy-api-1","ID":"5dd35409b196","MemPerc":"8.01%","MemUsage":"287.2MiB / 3.503GiB","Name":"classifier_deploy-api-1","NetIO":"4.1MB / 8.47MB","PIDs":"138"}
{"BlockIO":"0B / 1.72MB","CPUPerc":"0.23%","Container":"classifier_deploy-api-1","ID":"5dd35409b196","MemPerc":"8.01%","MemUsage":"287.2MiB / 3.503GiB","Name":"classifier_deploy-api-1","NetIO":"4.1MB / 8.47MB","PIDs":"138"}
{"BlockIO":"0B / 1.72MB","CPUPerc":"0.26%","Container":"classifier_deploy-api-1","ID":"5dd35409b196","MemPerc":"8.01%","MemUsage":"287.2MiB / 3.503GiB","Name":"classifier_deploy-api-1","NetIO":"4.1MB / 8.47MB","PIDs":"138"}
{"BlockIO":"0B / 1.72MB","CPUPerc":"0.24%","Container":"classifier_deploy-api-1","ID":"5dd35409b196","MemPerc":"8.01%","MemUsage":"287.2MiB / 3.503GiB","Name":"classifier_deploy-api-1","NetIO":"4.1MB / 8.47MB","PIDs":"138"}
{"BlockIO":"0B / 1.72MB","CPUPerc":"0.22%","Container":"classifier_deploy-api-1","ID":"5dd35409b196","MemPerc":"8.01%","MemUsage":"287.2MiB / 3.503GiB","Name":"classifier_deploy-api-1","NetIO":"4.1MB / 8.47MB","PIDs":"138"}
{"BlockIO":"0B / 1.72MB","CPUPerc":"0.22%","Container":"classifier_deploy-api-1","ID":"5dd35409b196","MemPerc":"8.01%","MemUsage":"287.2MiB / 3.503GiB","Name":"classifier_deploy-api-1","NetIO":"4.1MB / 8.47MB","PIDs":"138"}
{"BlockIO":"0B / 1.72MB","CPUPerc":"0.19%","Container":"classifier_deploy-api-1","ID":"5dd35409b196","MemPerc":"8.01%","MemUsage":"287.2MiB / 3.503GiB","Name":"classifier_deploy-api-1","NetIO":"4.1MB / 8.47MB","PIDs":"138"}
{"BlockIO":"0B / 1.72MB","CPUPerc":"0.23%","Container":"classifier_deploy-api-1","ID":"5dd35409b196","MemPerc":"8.01%","MemUsage":"287.2MiB / 3.503GiB","Name":"classifier_deploy-api-1","NetIO":"4.1MB / 8.47MB","PIDs":"138"}
{"BlockIO":"0B / 1.72MB","CPUPerc":"0.17%","Container":"classifier_deploy-api-1","ID":"5dd35409b196","MemPerc":"8.01%","MemUsage":"287.2MiB / 3.503GiB","Name":"classifier_deploy-api-1","NetIO":"4.1MB / 8.47MB","PIDs":"138"}
{"BlockIO":"0B / 1.72MB","CPUPerc":"0.20%","Container":"classifier_deploy-api-1","ID":"5dd35409b196","MemPerc":"8.01%","MemUsage":"287.2MiB / 3.503GiB","Name":"classifier_deploy-api-1","NetIO":"4.1MB / 8.47MB","PIDs":"138"}
{"BlockIO":"0B / 1.72MB","CPUPerc":"0.22%","Container":"classifier_deploy-api-1","ID":"5dd35409b196","MemPerc":"8.01%","MemUsage":"287.2MiB / 3.503GiB","Name":"classifier_deploy-api-1","NetIO":"4.1MB / 8.47MB","PIDs":"138"}
