{"BlockIO":"331MB / 1.72MB","CPUPerc":"0.22%","Container":"classifier_deploy-api-1","ID":"08fd8facc066","MemPerc":"7.77%","MemUsage":"278.7MiB / 3.503GiB","Name":"classifier_deploy-api-1","NetIO":"2.29kB / 759B","PIDs":"25"}
{"BlockIO":"339MB / 1.72MB","CPUPerc":"13.06%","Container":"classifier_deploy-api-1","ID":"08fd8facc066","MemPerc":"7.86%","MemUsage":"281.9MiB / 3.503GiB","Name":"classifier_deploy-api-1","NetIO":"21.9kB / 37.2kB","PIDs":"48"}
{"BlockIO":"339MB / 1.72MB","CPUPerc":"17.49%","Container":"classifier_deploy-api-1","ID":"08fd8facc066","MemPerc":"7.86%","MemUsage":"281.8MiB / 3.503GiB","Name":"classifier_deploy-api-1","NetIO":"51.7kB / 96.9kB","PIDs":"48"}
{"BlockIO":"339MB / 1.72MB","CPUPerc":"17.04%","Container":"classifier_deploy-api-1","ID":"08fd8facc066","MemPerc":"7.84%","MemUsage":"281.3MiB / 3.503GiB","Name":"classifier_deploy-api-1","NetIO":"83.6kB / 161kB","PIDs":"48"}
{"BlockIO":"339MB / 1.72MB","CPUPerc":"12.84%","Container":"classifier_deploy-api-1","ID":"08fd8facc066","MemPerc":"7.84%","MemUsage":"281.3MiB / 3.503GiB","Name":"classifier_deploy-api-1","NetIO":"108kB / 209kB","PIDs":"48"}
{"BlockIO":"339MB / 1.72MB","CPUPerc":"16.43%","Container":"classifier_deploy-api-1","ID":"08fd8facc066","MemPerc":"7.87%","MemUsage":"282.4MiB / 3.503GiB","Name":"classifier_deploy-api-1","NetIO":"133kB / 259kB","PIDs":"49"}
{"BlockIO":"339MB / 1.72MB","CPUPerc":"10.71%","Container":"classifier_deploy-api-1","ID":"08fd8facc066","MemPerc":"7.84%","MemUsage":"281.3MiB / 3.503GiB","Name":"classifier_deploy-api-1","NetIO":"163kB / 315kB","PIDs":"49"}
{"BlockIO":"339MB / 1.72MB","CPUPerc":"16.70%","Container":"classifier_deploy-api-1","ID":"08fd8facc066","MemPerc":"7.86%","MemUsage":"281.8MiB / 3.503GiB","Name":"classifier_deploy-api-1","NetIO":"188kB / 367kB","PIDs":"49"}
{"BlockIO":"339MB / 1.72MB","CPUPerc":"13.41%","Container":"classifier_deploy-api-1","ID":"08fd8facc066","MemPerc":"7.85%","MemUsage":"281.6MiB / 3.503GiB","Name":"classifier_deploy-api-1","NetIO":"215kB / 424kB","PIDs":"49"}
{"BlockIO":"339MB / 1.72MB","CPUPerc":"10.73%","Container":"classifier_deploy-api-1","ID":"08fd8facc066","MemPerc":"7.84%","MemUsage":"281.1MiB / 3.503GiB","Name":"classifier_deploy-api-1","NetIO":"245kB / 483kB","PIDs":"37"}
{"BlockIO":"339MB / 1.72MB","CPUPerc":"8.85%","Container":"classifier_deploy-api-1","ID":"08fd8facc066","MemPerc":"7.87%","MemUsage":"282.4MiB / 3.503GiB","Name":"classifier_deploy-api-1","NetIO":"268kB / 528kB","PIDs":"49"}
{"BlockIO":"339MB / 1.72MB","CPUPerc":"15.25%","Container":"classifier_deploy-api-1","ID":"08fd8facc066","MemPerc":"7.84%","MemUsage":"281.3MiB / 3.503GiB","Name":"classifier_deploy-api-1","NetIO":"292kB / 578kB","PIDs":"49"}
{"BlockIO":"339MB / 1.72MB","CPUPerc":"9.69%","Container":"classifier_deploy-api-1","ID":"08fd8facc066","MemPerc":"7.86%","MemUsage":"281.8MiB / 3.503GiB","Name":"classifier_deploy-api-1","NetIO":"321kB / 633kB","PIDs":"49"}
{"BlockIO":"339MB / 1.72MB","CPUPerc":"7.28%","Container":"classifier_deploy-api-1","ID":"08fd8facc066","MemPerc":"7.85%","MemUsage":"281.7MiB / 3.503GiB","Name":"classifier_deploy-api-1","NetIO":"346kB / 681kB","PIDs":"37"}
{"BlockIO":"339MB / 1.72MB","CPUPerc":"11.53%","Container":"classifier_deploy-api-1","ID":"08fd8facc066","MemPerc":"7.88%","MemUsage":"282.5MiB / 3.503GiB","Name":"classifier_deploy-api-1","NetIO":"371kB / 737kB","PIDs":"49"}
{"BlockIO":"339MB / 1.72MB","CPUPerc":"17.47%","Container":"classifier_deploy-api-1","ID":"08fd8facc066","MemPerc":"7.86%","MemUsage":"281.9MiB / 3.503GiB","Name":"classifier_deploy-api-1","NetIO":"398kB / 795kB","PIDs":"49"}
{"BlockIO":"339MB / 1.72MB","CPUPerc":"15.32%","Container":"classifier_deploy-api-1","ID":"08fd8facc066","MemPerc":"7.87%","MemUsage":"282.2MiB / 3.503GiB","Name":"classifier_deploy-api-1","NetIO":"425kB / 849kB","PIDs":"49"}
{"BlockIO":"339MB / 1.72MB","CPUPerc":"10.02%","Container":"classifier_deploy-api-1","ID":"08fd8facc066","MemPerc":"7.84%","MemUsage":"281.4MiB / 3.503GiB","Name":"classifier_deploy-api-1","NetIO":"444kB / 887kB","PIDs":"37"}
{"BlockIO":"339MB / 1.72MB","CPUPerc":"12.92%","Container":"classifier_deploy-api-1","ID":"08fd8facc066","MemPerc":"7.83%","MemUsage":"281MiB / 3.503GiB","Name":"classifier_deploy-api-1","NetIO":"477kB / 952kB","PIDs":"37"}
{"BlockIO":"339MB / 1.72MB","CPUPerc":"18.69%","Container":"classifier_deploy-api-1","ID":"08fd8facc066","MemPerc":"7.85%","MemUsage":"281.5MiB / 3.503GiB","Name":"classifier_deploy-api-1","NetIO":"504kB / 1.01MB","PIDs":"37"}
{"BlockIO":"339MB / 1.72MB","CPUPerc":"6.94%","Container":"classifier_deploy-api-1","ID":"08fd8facc066","MemPerc":"7.84%","MemUsage":"281.3MiB / 3.503GiB","Name":"classifier_deploy-api-1","NetIO":"522kB / 1.04MB","PIDs":"37"}
{"BlockIO":"339MB / 1.72MB","CPUPerc":"17.27%","Container":"classifier_deploy-api-1","ID":"08fd8facc066","MemPerc":"7.88%","MemUsage":"282.5MiB / 3.503GiB","Name":"classifier_deploy-api-1","NetIO":"553kB / 1.11MB","PIDs":"49"}
{"BlockIO":"339MB / 1.72MB","CPUPerc":"16.71%","Container":"classifier_deploy-api-1","ID":"08fd8facc066","MemPerc":"7.87%","MemUsage":"282.2MiB / 3.503GiB","Name":"classifier_deploy-api-1","NetIO":"574kB / 1.15MB","PIDs":"49"}
{"BlockIO":"339MB / 1.72MB","CPUPerc":"11.62%","Container":"classifier_deploy-api-1","ID":"08fd8facc066","MemPerc":"7.87%","MemUsage":"282.2MiB / 3.503GiB","Name":"classifier_deploy-api-1","NetIO":"596kB / 1.19MB","PIDs":"49"}
{"BlockIO":"339MB / 1.72MB","CPUPerc":"9.91%","Container":"classifier_deploy-api-1","ID":"08fd8facc066","MemPerc":"7.83%","MemUsage":"281MiB / 3.503GiB","Name":"classifier_deploy-api-1","NetIO":"629kB / 1.26MB","PIDs":"37"}
{"BlockIO":"339MB / 1.72MB","CPUPerc":"17.97%","Container":"classifier_deploy-api-1","ID":"08fd8facc066","MemPerc":"7.85%","MemUsage":"281.6MiB / 3.503GiB","Name":"classifier_deploy-api-1","NetIO":"657kB / 1.32MB","PIDs":"37"}
{"BlockIO":"339MB / 1.72MB","CPUPerc":"12.83%","Container":"classifier_deploy-api-1","ID":"08fd8facc066","MemPerc":"7.87%","MemUsage":"282.3MiB / 3.503GiB","Name":"classifier_deploy-api-1","NetIO":"679kB / 1.36MB","PIDs":"39"}
{"BlockIO":"339MB / 1.72MB","CPUPerc":"11.94%","Container":"classifier_deploy-api-1","ID":"08fd8facc066","MemPerc":"7.85%","MemUsage":"281.7MiB / 3.503GiB","Name":"classifier_deploy-api-1","NetIO":"707kB / 1.42MB","PIDs":"39"}
{"BlockIO":"339MB / 1.72MB","CPUPerc":"18.62%","Container":"classifier_deploy-api-1","ID":"08fd8facc066","MemPerc":"7.86%","MemUsage":"281.8MiB / 3.503GiB","Name":"classifier_deploy-api-1","NetIO":"736kB / 1.48MB","PIDs":"39"}
{"BlockIO":"339MB / 1.72MB","CPUPerc":"7.80%","Container":"classifier_deploy-api-1","ID":"08fd8facc066","MemPerc":"7.84%","MemUsage":"281.1MiB / 3.503GiB","Name":"classifier_deploy-api-1","NetIO":"756kB / 1.52MB","PIDs":"38"}
{"BlockIO":"339MB / 1.72MB","CPUPerc":"9.79%","Container":"classifier_deploy-api-1","ID":"08fd8facc066","MemPerc":"7.85%","MemUsage":"281.5MiB / 3.503GiB","Name":"classifier_deploy-api-1","NetIO":"782kB / 1.57MB","PIDs":"38"}
{"BlockIO":"339MB / 1.72MB","CPUPerc":"23.44%","Container":"classifier_deploy-api-1","ID":"08fd8facc066","MemPerc":"7.84%","MemUsage":"281.1MiB / 3.503GiB","Name":"classifier_deploy-api-1","NetIO":"806kB / 1.61MB","PIDs":"26"}
{"BlockIO":"339MB / 1.72MB","CPUPerc":"11.26%","Container":"classifier_deploy-api-1","ID":"08fd8facc066","MemPerc":"7.85%","MemUsage":"281.7MiB / 3.503GiB","Name":"classifier_deploy-api-1","NetIO":"830kB / 1.66MB","PIDs":"27"}
{"BlockIO":"339MB / 1.72MB","CPUPerc":"13.05%","Container":"classifier_deploy-api-1","ID":"08fd8facc066","MemPerc":"7.85%","MemUsage":"281.6MiB / 3.503GiB","Name":"classifier_deploy-api-1","NetIO":"859kB / 1.72MB","PIDs":"27"}
{"BlockIO":"339MB / 1.72MB","CPUPerc":"6.20%","Container":"classifier_deploy-api-1","ID":"08fd8facc066","MemPerc":"7.86%","MemUsage":"281.9MiB / 3.503GiB","Name":"classifier_deploy-api-1","NetIO":"881kB / 1.76MB","PIDs":"27"}
{"BlockIO":"339MB / 1.72MB","CPUPerc":"12.14%","Container":"classifier_deploy-api-1","ID":"08fd8facc066","MemPerc":"7.85%","MemUsage":"281.4MiB / 3.503GiB","Name":"classifier_deploy-api-1","NetIO":"907kB / 1.82MB","PIDs":"27"}
{"BlockIO":"339MB / 1.72MB","CPUPerc":"7.10%","Container":"classifier_deploy-api-1","ID":"08fd8facc066","MemPerc":"7.86%","MemUsage":"282.1MiB / 3.503GiB","Name":"classifier_deploy-api-1","NetIO":"932kB / 1.86MB","PIDs":"27"}
{"BlockIO":"339MB / 1.72MB","CPUPerc":"0.23%","Container":"classifier_deploy-api-1","ID":"08fd8facc066","MemPerc":"7.85%","MemUsage":"281.6MiB / 3.503GiB","Name":"classifier_deploy-api-1","NetIO":"932kB / 1.86MB","PIDs":"27"}
{"BlockIO":"339MB / 1.72MB","CPUPerc":"0.27%","Container":"classifier_deploy-api-1","ID":"08fd8facc066","MemPerc":"7.84%","MemUsage":"281.4MiB / 3.503GiB","Name":"classifier_deploy-api-1","NetIO":"932kB / 1.86MB","PIDs":"27"}
{"BlockIO":"339MB / 1.72MB","CPUPerc":"0.26%","Container":"classifier_deploy-api-1","ID":"08fd8facc066","MemPerc":"7.83%","MemUsage":"280.9MiB / 3.503GiB","Name":"classifier_deploy-api-1","NetIO":"932kB / 1.86MB","PIDs":"27"}
{"BlockIO":"339MB / 1.72MB","CPUPerc":"0.23%","Container":"classifier_deploy-api-1","ID":"08fd8facc066","MemPerc":"7.83%","MemUsage":"280.9MiB / 3.503GiB","Name":"classifier_deploy-api-1","NetIO":"932kB / 1.86MB","PIDs":"27"}
{"BlockIO":"339MB / 1.72MB","CPUPerc":"0.21%","Container":"classifier_deploy-api-1","ID":"08fd8facc066","MemPerc":"7.83%","MemUsage":"280.9MiB / 3.503GiB","Name":"classifier_deploy-api-1","NetIO":"932kB / 1.86MB","PIDs":"27"}
{"BlockIO":"339MB / 1.72MB","CPUPerc":"0.22%","Container":"classifier_deploy-api-1","ID":"08fd8facc066","MemPerc":"7.83%","MemUsage":"280.9MiB / 3.503GiB","Name":"classifier_deploy-api-1","NetIO":"932kB / 1.86MB","PIDs":"27"}
{"BlockIO":"339MB / 1.72MB","CPUPerc":"0.24%","Container":"classifier_deploy-api-1","ID":"08fd8facc066","MemPerc":"7.83%","MemUsage":"280.9MiB / 3.503GiB","Name":"classifier_deploy-api-1","NetIO":"932kB / 1.86MB","PIDs":"27"}
{"BlockIO":"339MB / 1.72MB","CPUPerc":"0.21%","Container":"classifier_deploy-api-1","ID":"08fd8facc066","MemPerc":"7.83%","MemUsage":"280.9MiB / 3.503GiB","Name":"classifier_deploy-api-1","NetIO":"932kB / 1.86MB","PIDs":"27"}
{"BlockIO":"339MB / 1.72MB","CPUPerc":"0.20%","Container":"classifier_deploy-api-1","ID":"08fd8facc066","MemPerc":"7.83%","MemUsage":"280.9MiB / 3.503GiB","Name":"classifier_deploy-api-1","NetIO":"932kB / 1.86MB","PIDs":"27"}
{"BlockIO":"339MB / 1.72MB","CPUPerc":"0.19%","Container":"classifier_deploy-api-1","ID":"08fd8facc066","MemPerc":"7.83%","MemUsage":"280.9MiB / 3.503GiB","Name":"classifier_deploy-api-1","NetIO":"932kB / 1.86MB","PIDs":"27"}
{"BlockIO":"339MB / 1.72MB","CPUPerc":"0.22%","Container":"classifier_deploy-api-1","ID":"08fd8facc066","MemPerc":"7.83%","MemUsage":"280.9MiB / 3.503GiB","Name":"classifier_deploy-api-1","NetIO":"932kB / 1.86MB","PIDs":"27"}
{"BlockIO":"339MB / 1.72MB","CPUPerc":"0.21%","Container":"classifier_deploy-api-1","ID":"08fd8facc066","MemPerc":"7.83%","MemUsage":"280.9MiB / 3.503GiB","Name":"classifier_deploy-api-1","NetIO":"932kB / 1.86MB","PIDs":"27"}
{"BlockIO":"339MB / 1.72MB","CPUPerc":"0.21%","Container":"classifier_deploy-api-1","ID":"08fd8facc066","MemPerc":"7.83%","MemUsage":"280.9MiB / 3.503GiB","Name":"classifier_deploy-api-1","NetIO":"932kB / 1.86MB","PIDs":"27"}
{"BlockIO":"339MB / 1.72MB","CPUPerc":"0.26%","Container":"classifier_deploy-api-1","ID":"08fd8facc066","MemPerc":"7.83%","MemUsage":"280.9MiB / 3.503GiB","Name":"classifier_deploy-api-1","NetIO":"932kB / 1.86MB","PIDs":"27"}
{"BlockIO":"339MB / 1.72MB","CPUPerc":"0.27%","Container":"classifier_deploy-api-1","ID":"08fd8facc066","MemPerc":"7.83%","MemUsage":"280.9MiB / 3.503GiB","Name":"classifier_deploy-api-1","NetIO":"932kB / 1.86MB","PIDs":"27"}
{"BlockIO":"339MB / 1.72MB","CPUPerc":"0.26%","Container":"classifier_deploy-api-1","ID":"08fd8facc066","MemPerc":"7.83%","MemUsage":"280.9MiB / 3.503GiB","Name":"classifier_deploy-api-1","NetIO":"932kB / 1.86MB","PIDs":"27"}
{"BlockIO":"339MB / 1.72MB","CPUPerc":"0.26%","Container":"classifier_deploy-api-1","ID":"08fd8facc066","MemPerc":"7.83%","MemUsage":"280.9MiB / 3.503GiB","Name":"classifier_deploy-api-1","NetIO":"932kB / 1.86MB","PIDs":"27"}
{"BlockIO":"339MB / 1.72MB","CPUPerc":"0.21%","Container":"classifier_deploy-api-1","ID":"08fd8facc066","MemPerc":"7.83%","MemUsage":"280.9MiB / 3.503GiB","Name":"classifier_deploy-api-1","NetIO":"932kB / 1.86MB","PIDs":"27"}
{"BlockIO":"339MB / 1.72MB","CPUPerc":"0.24%","Container":"classifier_deploy-api-1","ID":"08fd8facc066","MemPerc":"7.83%","MemUsage":"280.9MiB / 3.503GiB","Name":"classifier_deploy-api-1","NetIO":"932kB / 1.86MB","PIDs":"27"}
{"BlockIO":"339MB / 1.72MB","CPUPerc":"0.25%","Container":"classifier_deploy-api-1","ID":"08fd8facc066","MemPerc":"7.83%","MemUsage":"280.9MiB / 3.503GiB","Name":"classifier_deploy-api-1","NetIO":"932kB / 1.86MB","PIDs":"27"}
{"BlockIO":"339MB / 1.72MB","CPUPerc":"0.24%","Container":"classifier_deploy-api-1","ID":"08fd8facc066","MemPerc":"7.83%","MemUsage":"280.9MiB / 3.503GiB","Name":"classifier_deploy-api-1","NetIO":"932kB / 1.86MB","PIDs":"27"}
{"BlockIO":"339MB / 1.72MB","CPUPerc":"0.22%","Container":"classifier_deploy-api-1","ID":"08fd8facc066","MemPerc":"7.83%","MemUsage":"280.9MiB / 3.503GiB","Name":"classifier_deploy-api-1","NetIO":"932kB / 1.86MB","PIDs":"27"}
{"BlockIO":"339MB / 1.72MB","CPUPerc":"0.20%","Container":"classifier_deploy-api-1","ID":"08fd8facc066","MemPerc":"7.83%","MemUsage":"280.9MiB / 3.503GiB","Name":"classifier_deploy-api-1","NetIO":"932kB / 1.86MB","PIDs":"27"}
{"BlockIO":"339MB / 1.72MB","CPUPerc":"0.19%","Container":"classifier_deploy-api-1","ID":"08fd8facc066","MemPerc":"7.83%","MemUsage":"280.9MiB / 3.503GiB","Name":"classifier_deploy-api-1","NetIO":"932kB / 1.86MB","PIDs":"27"}
{"BlockIO":"339MB / 1.72MB","CPUPerc":"0.20%","Container":"classifier_deploy-api-1","ID":"08fd8facc066","MemPerc":"7.83%","MemUsage":"280.9MiB / 3.503GiB","Name":"classifier_deploy-api-1","NetIO":"932kB / 1.86MB","PIDs":"27"}
{"BlockIO":"339MB / 1.72MB","CPUPerc":"0.24%","Container":"classifier_deploy-api-1","ID":"08fd8facc066","MemPerc":"7.83%","MemUsage":"280.9MiB / 3.503GiB","Name":"classifier_deploy-api-1","NetIO":"932kB / 1.86MB","PIDs":"27"}
{"BlockIO":"339MB / 1.72MB","CPUPerc":"0.26%","Container":"classifier_deploy-api-1","ID":"08fd8facc066","MemPerc":"7.83%","MemUsage":"280.9MiB / 3.503GiB","Name":"classifier_deploy-api-1","NetIO":"932kB / 1.86MB","PIDs":"27"}
{"BlockIO":"339MB / 1.72MB","CPUPerc":"0.31%","Container":"classifier_deploy-api-1","ID":"08fd8facc066","MemPerc":"7.83%","MemUsage":"280.9MiB / 3.503GiB","Name":"classifier_deploy-api-1","NetIO":"932kB / 1.86MB","PIDs":"27"}
{"BlockIO":"339MB / 1.72MB","CPUPerc":"0.26%","Container":"classifier_deploy-api-1","ID":"08fd8facc066","MemPerc":"7.83%","MemUsage":"280.9MiB / 3.503GiB","Name":"classifier_deploy-api-1","NetIO":"932kB / 1.86MB","PIDs":"27"}
{"BlockIO":"339MB / 1.72MB","CPUPerc":"0.26%","Container":"classifier_deploy-api-1","ID":"08fd8facc066","MemPerc":"7.83%","MemUsage":"280.9MiB / 3.503GiB","Name":"classifier_deploy-api-1","NetIO":"932kB / 1.86MB","PIDs":"27"}
{"BlockIO":"339MB / 1.72MB","CPUPerc":"0.27%","Container":"classifier_deploy-api-1","ID":"08fd8facc066","MemPerc":"7.83%","MemUsage":"280.9MiB / 3.503GiB","Name":"classifier_deploy-api-1","NetIO":"932kB / 1.86MB","PIDs":"27"}
{"BlockIO":"339MB / 1.72MB","CPUPerc":"0.22%","Container":"classifier_deploy-api-1","ID":"08fd8facc066","MemPerc":"7.83%","MemUsage":"280.9MiB / 3.503GiB","Name":"classifier_deploy-api-1","NetIO":"932kB / 1.86MB","PIDs":"27"}
{"BlockIO":"339MB / 1.72MB","CPUPerc":"0.28%","Container":"classifier_deploy-api-1","ID":"08fd8facc066","MemPerc":"7.83%","MemUsage":"280.9MiB / 3.503GiB","Name":"classifier_deploy-api-1","NetIO":"932kB / 1.86MB","PIDs":"27"}
