INFO:     Started server process [10668]
INFO:     Waiting for application startup.
2026-04-10 11:25:23,546 | INFO | assignment2.api | Application startup beginning
2026-04-10 11:25:23,546 | INFO | assignment2.api | API runtime configured: host=127.0.0.1 port=8000 log_level=info
2026-04-10 11:25:23,546 | INFO | assignment2.api | Resolved active artifact files: feature_schema=D:\ml_course_classroom\ml-1-course-jo-soroush\assignments\assignment_2\classifier_deploy\artifacts\feature_schema.json model_metadata=D:\ml_course_classroom\ml-1-course-jo-soroush\assignments\assignment_2\classifier_deploy\artifacts\model_metadata.json tree_preprocessor=D:\ml_course_classroom\ml-1-course-jo-soroush\assignments\assignment_2\classifier_deploy\artifacts\tree_preprocessor.pkl xgb_model=D:\ml_course_classroom\ml-1-course-jo-soroush\assignments\assignment_2\classifier_deploy\artifacts\xgb_model.json mlp_model=D:\ml_course_classroom\ml-1-course-jo-soroush\assignments\assignment_2\classifier_deploy\artifacts\mlp_model.pt mlp_preprocessor=D:\ml_course_classroom\ml-1-course-jo-soroush\assignments\assignment_2\classifier_deploy\artifacts\mlp_preprocessor.pkl category_maps=D:\ml_course_classroom\ml-1-course-jo-soroush\assignments\assignment_2\classifier_deploy\artifacts\category_maps.json
2026-04-10 11:25:23,549 | INFO | assignment2.api | Loading artifact: feature_schema path=D:\ml_course_classroom\ml-1-course-jo-soroush\assignments\assignment_2\classifier_deploy\artifacts\feature_schema.json
2026-04-10 11:25:23,551 | INFO | assignment2.api | Loaded artifact successfully: feature_schema schema_version=telco_churn_schema_v1 path=D:\ml_course_classroom\ml-1-course-jo-soroush\assignments\assignment_2\classifier_deploy\artifacts\feature_schema.json
2026-04-10 11:25:23,552 | INFO | assignment2.api | Loading artifact: model_metadata path=D:\ml_course_classroom\ml-1-course-jo-soroush\assignments\assignment_2\classifier_deploy\artifacts\model_metadata.json
2026-04-10 11:25:23,552 | INFO | assignment2.api | Loaded artifact successfully: model_metadata path=D:\ml_course_classroom\ml-1-course-jo-soroush\assignments\assignment_2\classifier_deploy\artifacts\model_metadata.json
2026-04-10 11:25:23,552 | INFO | assignment2.api | Loading artifact: tree_preprocessor path=D:\ml_course_classroom\ml-1-course-jo-soroush\assignments\assignment_2\classifier_deploy\artifacts\tree_preprocessor.pkl
2026-04-10 11:25:23,555 | INFO | assignment2.api | Loaded artifact successfully: tree_preprocessor path=D:\ml_course_classroom\ml-1-course-jo-soroush\assignments\assignment_2\classifier_deploy\artifacts\tree_preprocessor.pkl
2026-04-10 11:25:23,556 | INFO | assignment2.api | Loading artifact: xgb_model path=D:\ml_course_classroom\ml-1-course-jo-soroush\assignments\assignment_2\classifier_deploy\artifacts\xgb_model.json
2026-04-10 11:25:23,575 | INFO | assignment2.api | Loaded artifact successfully: xgb_model path=D:\ml_course_classroom\ml-1-course-jo-soroush\assignments\assignment_2\classifier_deploy\artifacts\xgb_model.json
2026-04-10 11:25:23,617 | INFO | assignment2.api | Tree SHAP explainability initialized successfully
2026-04-10 11:25:23,618 | INFO | assignment2.api | Loading artifact: mlp_preprocessor path=D:\ml_course_classroom\ml-1-course-jo-soroush\assignments\assignment_2\classifier_deploy\artifacts\mlp_preprocessor.pkl
2026-04-10 11:25:23,619 | INFO | assignment2.api | Loaded artifact successfully: mlp_preprocessor path=D:\ml_course_classroom\ml-1-course-jo-soroush\assignments\assignment_2\classifier_deploy\artifacts\mlp_preprocessor.pkl
2026-04-10 11:25:23,620 | INFO | assignment2.api | Loading artifact: category_maps path=D:\ml_course_classroom\ml-1-course-jo-soroush\assignments\assignment_2\classifier_deploy\artifacts\category_maps.json
2026-04-10 11:25:23,621 | INFO | assignment2.api | Loaded artifact successfully: category_maps path=D:\ml_course_classroom\ml-1-course-jo-soroush\assignments\assignment_2\classifier_deploy\artifacts\category_maps.json
2026-04-10 11:25:23,621 | INFO | assignment2.api | Loading artifact: mlp_model path=D:\ml_course_classroom\ml-1-course-jo-soroush\assignments\assignment_2\classifier_deploy\artifacts\mlp_model.pt
2026-04-10 11:25:23,633 | INFO | assignment2.api | Loaded artifact successfully: mlp_model path=D:\ml_course_classroom\ml-1-course-jo-soroush\assignments\assignment_2\classifier_deploy\artifacts\mlp_model.pt device=cpu
2026-04-10 11:25:23,634 | INFO | assignment2.api | Startup artifact loading complete: tree_model=True tree_preprocessor=True tree_feature_schema=True mlp_model=True mlp_preprocessor=True mlp_category_maps=True
2026-04-10 11:25:23,634 | INFO | assignment2.api | Tree inference pipeline ready: True
2026-04-10 11:25:23,634 | INFO | assignment2.api | MLP inference pipeline ready: True
2026-04-10 11:25:23,634 | INFO | assignment2.api | Backend inference readiness: ready=True
INFO:     Application startup complete.
INFO:     Uvicorn running on http://127.0.0.1:8000 (Press CTRL+C to quit)
2026-04-10 11:25:30,025 | INFO | assignment2.api | Request completed: method=GET path=/api/v1/health status=200 duration_ms=3.69
2026-04-10 11:25:31,837 | INFO | assignment2.api | Request completed: method=POST path=/api/v1/predict/tree status=200 duration_ms=48.80
2026-04-10 11:25:33,885 | INFO | assignment2.api | Request completed: method=GET path=/api/v1/health status=200 duration_ms=1.51
2026-04-10 11:25:35,433 | INFO | assignment2.api | Request completed: method=GET path=/api/v1/health status=200 duration_ms=1.00
2026-04-10 11:25:36,785 | INFO | assignment2.api | Request completed: method=POST path=/api/v1/predict/mlp status=200 duration_ms=67.92
2026-04-10 11:25:37,920 | INFO | assignment2.api | Request completed: method=POST path=/api/v1/predict/tree status=200 duration_ms=17.94
2026-04-10 11:25:37,937 | INFO | assignment2.api | Request completed: method=POST path=/api/v1/predict/mlp status=200 duration_ms=14.27
2026-04-10 11:25:39,836 | INFO | assignment2.api | Request completed: method=GET path=/api/v1/health status=200 duration_ms=1.15
2026-04-10 11:25:40,899 | INFO | assignment2.api | Request completed: method=POST path=/api/v1/predict/tree status=200 duration_ms=15.81
2026-04-10 11:25:40,923 | INFO | assignment2.api | Request completed: method=POST path=/api/v1/predict/mlp status=200 duration_ms=14.39
2026-04-10 11:25:43,516 | INFO | assignment2.api | Request completed: method=POST path=/api/v1/predict/tree status=200 duration_ms=16.62
2026-04-10 11:25:43,532 | INFO | assignment2.api | Request completed: method=POST path=/api/v1/predict/mlp status=200 duration_ms=12.83
2026-04-10 11:25:45,273 | INFO | assignment2.api | Request completed: method=POST path=/api/v1/predict/mlp status=200 duration_ms=10.44
2026-04-10 11:25:47,981 | INFO | assignment2.api | Request completed: method=POST path=/api/v1/predict/mlp status=200 duration_ms=10.55
2026-04-10 11:25:50,343 | INFO | assignment2.api | Request completed: method=POST path=/api/v1/predict/mlp status=200 duration_ms=10.31
2026-04-10 11:25:52,398 | INFO | assignment2.api | Request completed: method=POST path=/api/v1/predict/tree status=200 duration_ms=16.60
2026-04-10 11:25:54,216 | INFO | assignment2.api | Request completed: method=POST path=/api/v1/predict/tree status=200 duration_ms=19.18
2026-04-10 11:25:54,243 | INFO | assignment2.api | Request completed: method=POST path=/api/v1/predict/mlp status=200 duration_ms=13.57
2026-04-10 11:25:56,897 | INFO | assignment2.api | Request completed: method=POST path=/api/v1/predict/tree status=200 duration_ms=15.66
2026-04-10 11:25:59,464 | INFO | assignment2.api | Request completed: method=GET path=/api/v1/health status=200 duration_ms=0.97
2026-04-10 11:26:01,530 | INFO | assignment2.api | Request completed: method=GET path=/api/v1/health status=200 duration_ms=1.30
2026-04-10 11:26:03,397 | INFO | assignment2.api | Request completed: method=GET path=/api/v1/health status=200 duration_ms=0.93
2026-04-10 11:26:05,464 | INFO | assignment2.api | Request completed: method=POST path=/api/v1/predict/tree status=200 duration_ms=15.06
2026-04-10 11:26:08,310 | INFO | assignment2.api | Request completed: method=POST path=/api/v1/predict/mlp status=200 duration_ms=12.95
2026-04-10 11:26:10,231 | INFO | assignment2.api | Request completed: method=POST path=/api/v1/predict/tree status=200 duration_ms=18.22
2026-04-10 11:26:10,258 | INFO | assignment2.api | Request completed: method=POST path=/api/v1/predict/mlp status=200 duration_ms=13.04
2026-04-10 11:26:11,716 | INFO | assignment2.api | Request completed: method=POST path=/api/v1/predict/tree status=200 duration_ms=20.80
2026-04-10 11:26:11,731 | INFO | assignment2.api | Request completed: method=POST path=/api/v1/predict/mlp status=200 duration_ms=12.24
2026-04-10 11:26:13,663 | INFO | assignment2.api | Request completed: method=POST path=/api/v1/predict/tree status=200 duration_ms=15.50
2026-04-10 11:26:13,689 | INFO | assignment2.api | Request completed: method=POST path=/api/v1/predict/mlp status=200 duration_ms=12.15
2026-04-10 11:26:16,111 | INFO | assignment2.api | Request completed: method=POST path=/api/v1/predict/tree status=200 duration_ms=18.27
2026-04-10 11:26:17,862 | INFO | assignment2.api | Request completed: method=POST path=/api/v1/predict/tree status=200 duration_ms=15.80
2026-04-10 11:26:17,878 | INFO | assignment2.api | Request completed: method=POST path=/api/v1/predict/mlp status=200 duration_ms=13.70
2026-04-10 11:26:19,746 | INFO | assignment2.api | Request completed: method=POST path=/api/v1/predict/tree status=200 duration_ms=17.72
2026-04-10 11:26:19,761 | INFO | assignment2.api | Request completed: method=POST path=/api/v1/predict/mlp status=200 duration_ms=13.71
2026-04-10 11:26:21,761 | INFO | assignment2.api | Request completed: method=POST path=/api/v1/predict/tree status=200 duration_ms=14.72
2026-04-10 11:26:21,786 | INFO | assignment2.api | Request completed: method=POST path=/api/v1/predict/mlp status=200 duration_ms=13.91
2026-04-10 11:26:23,107 | INFO | assignment2.api | Request completed: method=POST path=/api/v1/predict/mlp status=200 duration_ms=10.56
2026-04-10 11:26:25,914 | INFO | assignment2.api | Request completed: method=POST path=/api/v1/predict/tree status=200 duration_ms=17.04
2026-04-10 11:26:25,940 | INFO | assignment2.api | Request completed: method=POST path=/api/v1/predict/mlp status=200 duration_ms=12.11
2026-04-10 11:26:27,776 | INFO | assignment2.api | Request completed: method=POST path=/api/v1/predict/tree status=200 duration_ms=16.42
2026-04-10 11:26:29,413 | INFO | assignment2.api | Request completed: method=POST path=/api/v1/predict/tree status=200 duration_ms=16.73
